0001_0029_0026_0064_0064.jpg 1 29 26 64 64
0002_0023_0006_0065_0065.jpg 1 23 6 65 65
0003_0013_0049_0042_0042.jpg 1 13 49 42 42
0004_0035_0043_0032_0032.jpg 1 35 43 32 32
0005_0012_0026_0036_0036.jpg 1 12 26 36 36
0006_0023_0007_0067_0067.jpg 1 23 7 67 67
0007_0045_0016_0048_0048.jpg 1 45 16 48 48
0008_0019_0025_0034_0034.jpg 1 19 25 34 34
0009_0019_0014_0051_0051.jpg 1 19 14 51 51
0010_0033_0037_0037_0037.jpg 1 33 37 37 37
0011_0014_0016_0067_0067.jpg 1 14 16 67 67
0012_0018_0018_0048_0048.jpg 1 18 18 48 48
0013_0051_0026_0034_0034.jpg 1 51 26 34 34
0014_0029_0048_0046_0046.jpg 1 29 48 46 46
0015_0003_0020_0068_0068.jpg 1 3 20 68 68
0016_0015_0010_0067_0067.jpg 1 15 10 67 67
0017_0006_0034_0049_0049.jpg 1 6 34 49 49
0018_0022_0011_0040_0040.jpg 1 22 11 40 40
0019_0020_0005_0059_0059.jpg 1 20 5 59 59
0020_0010_0016_0062_0062.jpg 1 10 16 62 62
0021_0056_0025_0034_0034.jpg 1 56 25 34 34
0022_0011_0048_0035_0035.jpg 1 11 48 35 35
0023_0036_0014_0042_0042.jpg 1 36 14 42 42
0024_0025_0005_0061_0061.jpg 1 25 5 61 61
0025_0032_0054_0036_0036.jpg 1 32 54 36 36
0026_0026_0010_0048_0048.jpg 1 26 10 48 48
0027_0046_0007_0026_0026.jpg 1 46 7 26 26
0028_0034_0019_0048_0048.jpg 1 34 19 48 48
0029_0013_0015_0065_0065.jpg 1 13 15 65 65
0030_0038_0014_0035_0035.jpg 1 38 14 35 35
0031_0022_0029_0063_0063.jpg 1 22 29 63 63
0032_0046_0034_0040_0040.jpg 1 46 34 40 40
0033_0019_0031_0034_0034.jpg 1 19 31 34 34
0034_0026_0007_0035_0035.jpg 1 26 7 35 35
0035_0016_0023_0046_0046.jpg 1 16 23 46 46
0036_0047_0008_0044_0044.jpg 1 47 8 44 44
0037_0055_0057_0024_0024.jpg 1 55 57 24 24
0038_0031_0033_0041_0041.jpg 1 31 33 41 41
0039_0032_0044_0028_0028.jpg 1 32 44 28 28
0040_0047_0017_0036_0036.jpg 1 47 17 36 36
0041_0055_0032_0025_0025.jpg 1 55 32 25 25
0042_0004_0008_0064_0064.jpg 1 4 8 64 64
0043_0022_0009_0040_0040.jpg 1 22 9 40 40
0044_0037_0009_0054_0054.jpg 1 37 9 54 54
0045_0020_0034_0045_0045.jpg 1 20 34 45 45
0046_0024_0035_0030_0030.jpg 1 24 35 30 30
0047_0027_0035_0048_0048.jpg 1 27 35 48 48
0048_0024_0042_0051_0051.jpg 1 24 42 51 51
0049_0031_0005_0044_0044.jpg 1 31 5 44 44
0050_0013_0025_0063_0063.jpg 1 13 25 63 63
0051_0035_0057_0029_0029.jpg 1 35 57 29 29
0052_0044_0041_0041_0041.jpg 1 44 41 41 41
0053_0038_0011_0055_0055.jpg 1 38 11 55 55
0054_0014_0032_0051_0051.jpg 1 14 32 51 51
0055_0027_0027_0035_0035.jpg 1 27 27 35 35
0056_0005_0017_0062_0062.jpg 1 5 17 62 62
0057_0050_0025_0042_0042.jpg 1 50 25 42 42
0058_0007_0047_0028_0028.jpg 1 7 47 28 28
0059_0011_0014_0063_0063.jpg 1 11 14 63 63
0060_0057_0036_0027_0027.jpg 1 57 36 27 27
0061_0022_0030_0054_0054.jpg 1 22 30 54 54
0062_0035_0045_0040_0040.jpg 1 35 45 40 40
0063_0033_0048_0031_0031.jpg 1 33 48 31 31
0064_0025_0029_0062_0062.jpg 1 25 29 62 62
0065_0023_0015_0069_0069.jpg 1 23 15 69 69
0066_0036_0039_0043_0043.jpg 1 36 39 43 43
0067_0029_0044_0044_0044.jpg 1 29 44 44 44
0068_0012_0024_0049_0049.jpg 1 12 24 49 49
0069_0022_0044_0044_0044.jpg 1 22 44 44 44
0070_0045_0046_0028_0028.jpg 1 45 46 28 28
0071_0014_0009_0052_0052.jpg 1 14 9 52 52
0072_0046_0014_0047_0047.jpg 1 46 14 47 47
0073_0028_0040_0042_0042.jpg 1 28 40 42 42
0074_0014_0008_0057_0057.jpg 1 14 8 57 57
0075_0008_0034_0025_0025.jpg 1 8 34 25 25
0076_0054_0024_0037_0037.jpg 1 54 24 37 37
0077_0027_0007_0063_0063.jpg 1 27 7 63 63
0078_0041_0040_0028_0028.jpg 1 41 40 28 28
0079_0008_0055_0037_0037.jpg 1 8 55 37 37
0080_0027_0037_0056_0056.jpg 1 27 37 56 56
0081_0005_0009_0051_0051.jpg 1 5 9 51 51
0082_0017_0032_0051_0051.jpg 1 17 32 51 51
0083_0038_0032_0024_0024.jpg 1 38 32 24 24
0084_0018_0007_0050_0050.jpg 1 18 7 50 50
0085_0019_0016_0061_0061.jpg 1 19 16 61 61
0086_0049_0022_0029_0029.jpg 1 49 22 29 29
0087_0027_0022_0030_0030.jpg 1 27 22 30 30
0088_0021_0045_0030_0030.jpg 1 21 45 30 30
0089_0017_0006_0063_0063.jpg 1 17 6 63 63
0090_0007_0032_0046_0046.jpg 1 7 32 46 46
0091_0007_0027_0042_0042.jpg 1 7 27 42 42
0092_0035_0016_0059_0059.jpg 1 35 16 59 59
0093_0045_0023_0040_0040.jpg 1 45 23 40 40
0094_0055_0065_0027_0027.jpg 1 55 65 27 27
0095_0012_0042_0044_0044.jpg 1 12 42 44 44
0096_0040_0034_0055_0055.jpg 1 40 34 55 55
0097_0009_0008_0059_0059.jpg 1 9 8 59 59
0098_0030_0008_0039_0039.jpg 1 30 8 39 39
0099_0026_0031_0040_0040.jpg 1 26 31 40 40
0100_0015_0024_0067_0067.jpg 1 15 24 67 67
0101_0013_0012_0049_0049.jpg 1 13 12 49 49
0102_0020_0031_0037_0037.jpg 1 20 31 37 37
0103_0022_0009_0029_0029.jpg 1 22 9 29 29
0104_0025_0034_0051_0051.jpg 1 25 34 51 51
0105_0018_0010_0067_0067.jpg 1 18 10 67 67
0106_0006_0043_0052_0052.jpg 1 6 43 52 52
0107_0035_0008_0032_0032.jpg 1 35 8 32 32
0108_0006_0005_0060_0060.jpg 1 6 5 60 60
0109_0031_0033_0056_0056.jpg 1 31 33 56 56
0110_0020_0008_0064_0064.jpg 1 20 8 64 64
0111_0063_0031_0028_0028.jpg 1 63 31 28 28
0112_0025_0024_0066_0066.jpg 1 25 24 66 66
0113_0027_0017_0051_0051.jpg 1 27 17 51 51
0114_0063_0045_0028_0028.jpg 1 63 45 28 28
0115_0049_0016_0024_0024.jpg 1 49 16 24 24
0116_0032_0015_0050_0050.jpg 1 32 15 50 50
0117_0038_0047_0035_0035.jpg 1 38 47 35 35
0118_0032_0031_0062_0062.jpg 1 32 31 62 62
0119_0065_0047_0026_0026.jpg 1 65 47 26 26
0120_0012_0039_0032_0032.jpg 1 12 39 32 32
0121_0042_0020_0039_0039.jpg 1 42 20 39 39
0122_0008_0007_0068_0068.jpg 1 8 7 68 68
0123_0016_0011_0060_0060.jpg 1 16 11 60 60
0124_0045_0018_0049_0049.jpg 1 45 18 49 49
0125_0050_0021_0036_0036.jpg 1 50 21 36 36
0126_0028_0007_0041_0041.jpg 1 28 7 41 41
0127_0020_0010_0060_0060.jpg 1 20 10 60 60
0128_0020_0064_0027_0027.jpg 1 20 64 27 27
0129_0012_0014_0063_0063.jpg 1 12 14 63 63
0130_0039_0022_0054_0054.jpg 1 39 22 54 54
0131_0012_0033_0060_0060.jpg 1 12 33 60 60
0132_0039_0059_0025_0025.jpg 1 39 59 25 25
0133_0006_0020_0054_0054.jpg 1 6 20 54 54
0134_0009_0010_0029_0029.jpg 1 9 10 29 29
0135_0050_0055_0037_0037.jpg 1 50 55 37 37
0136_0016_0031_0051_0051.jpg 1 16 31 51 51
0137_0040_0051_0028_0028.jpg 1 40 51 28 28
0138_0021_0009_0057_0057.jpg 1 21 9 57 57
0139_0031_0026_0050_0050.jpg 1 31 26 50 50
0140_0037_0022_0052_0052.jpg 1 37 22 52 52
0141_0027_0007_0035_0035.jpg 1 27 7 35 35
0142_0024_0005_0060_0060.jpg 1 24 5 60 60
0143_0018_0030_0037_0037.jpg 1 18 30 37 37
0144_0006_0019_0051_0051.jpg 1 6 19 51 51
0145_0051_0027_0042_0042.jpg 1 51 27 42 42
0146_0025_0046_0040_0040.jpg 1 25 46 40 40
0147_0031_0029_0054_0054.jpg 1 31 29 54 54
0148_0010_0051_0034_0034.jpg 1 10 51 34 34
0149_0014_0011_0054_0054.jpg 1 14 11 54 54
0150_0030_0018_0058_0058.jpg 1 30 18 58 58
0151_0019_0019_0051_0051.jpg 1 19 19 51 51
0152_0037_0026_0050_0050.jpg 1 37 26 50 50
0153_0031_0037_0042_0042.jpg 1 31 37 42 42
0154_0013_0022_0028_0028.jpg 1 13 22 28 28
0155_0016_0004_0057_0057.jpg 1 16 4 57 57
0156_0027_0006_0038_0038.jpg 1 27 6 38 38
0157_0031_0030_0057_0057.jpg 1 31 30 57 57
0158_0005_0009_0054_0054.jpg 1 5 9 54 54
0159_0010_0028_0046_0046.jpg 1 10 28 46 46
0160_0052_0028_0024_0024.jpg 1 52 28 24 24
0161_0004_0015_0059_0059.jpg 1 4 15 59 59
0162_0018_0027_0063_0063.jpg 1 18 27 63 63
0163_0050_0008_0030_0030.jpg 1 50 8 30 30
0164_0020_0022_0040_0040.jpg 1 20 22 40 40
0165_0016_0031_0059_0059.jpg 1 16 31 59 59
0166_0009_0033_0057_0057.jpg 1 9 33 57 57
0167_0020_0037_0046_0046.jpg 1 20 37 46 46
0168_0049_0046_0031_0031.jpg 1 49 46 31 31
0169_0014_0041_0030_0030.jpg 1 14 41 30 30
0170_0044_0030_0037_0037.jpg 1 44 30 37 37
0171_0042_0036_0046_0046.jpg 1 42 36 46 46
0172_0046_0041_0029_0029.jpg 1 46 41 29 29
0173_0017_0010_0033_0033.jpg 1 17 10 33 33
0174_0012_0009_0069_0069.jpg 1 12 9 69 69
0175_0044_0042_0051_0051.jpg 1 44 42 51 51
0176_0030_0031_0064_0064.jpg 1 30 31 64 64
0177_0022_0028_0041_0041.jpg 1 22 28 41 41
0178_0022_0018_0064_0064.jpg 1 22 18 64 64
0179_0036_0024_0026_0026.jpg 1 36 24 26 26
0180_0023_0052_0027_0027.jpg 1 23 52 27 27
0181_0014_0009_0069_0069.jpg 1 14 9 69 69
0182_0005_0021_0046_0046.jpg 1 5 21 46 46
0183_0039_0016_0051_0051.jpg 1 39 16 51 51
0184_0032_0022_0047_0047.jpg 1 32 22 47 47
0185_0032_0026_0044_0044.jpg 1 32 26 44 44
0186_0052_0036_0037_0037.jpg 1 52 36 37 37
0187_0017_0008_0050_0050.jpg 1 17 8 50 50
0188_0037_0053_0027_0027.jpg 1 37 53 27 27
0189_0038_0019_0035_0035.jpg 1 38 19 35 35
0190_0013_0006_0057_0057.jpg 1 13 6 57 57
0191_0038_0039_0032_0032.jpg 1 38 39 32 32
0192_0012_0019_0029_0029.jpg 1 12 19 29 29
0193_0027_0013_0033_0033.jpg 1 27 13 33 33
0194_0023_0011_0055_0055.jpg 1 23 11 55 55
0195_0020_0031_0042_0042.jpg 1 20 31 42 42
0196_0008_0027_0034_0034.jpg 1 8 27 34 34
0197_0026_0053_0029_0029.jpg 1 26 53 29 29
0198_0016_0017_0066_0066.jpg 1 16 17 66 66
0199_0018_0008_0064_0064.jpg 1 18 8 64 64
0200_0038_0005_0055_0055.jpg 1 38 5 55 55
0201_0024_0008_0037_0037.jpg 1 24 8 37 37
0202_0021_0022_0049_0049.jpg 1 21 22 49 49
0203_0039_0015_0025_0025.jpg 1 39 15 25 25
0204_0036_0021_0057_0057.jpg 1 36 21 57 57
0205_0007_0013_0056_0056.jpg 1 7 13 56 56
0206_0038_0036_0032_0032.jpg 1 38 36 32 32
0207_0009_0021_0063_0063.jpg 1 9 21 63 63
0208_0011_0022_0024_0024.jpg 1 11 22 24 24
0209_0018_0018_0044_0044.jpg 1 18 18 44 44
0210_0004_0017_0067_0067.jpg 1 4 17 67 67
0211_0025_0006_0054_0054.jpg 1 25 6 54 54
0212_0041_0032_0028_0028.jpg 1 41 32 28 28
0213_0005_0046_0047_0047.jpg 1 5 46 47 47
0214_0047_0043_0034_0034.jpg 1 47 43 34 34
0215_0035_0010_0028_0028.jpg 1 35 10 28 28
0216_0020_0040_0040_0040.jpg 1 20 40 40 40
0217_0009_0020_0068_0068.jpg 1 9 20 68 68
0218_0016_0016_0061_0061.jpg 1 16 16 61 61
0219_0032_0007_0057_0057.jpg 1 32 7 57 57
0220_0021_0037_0056_0056.jpg 1 21 37 56 56
0221_0027_0026_0054_0054.jpg 1 27 26 54 54
0222_0041_0008_0035_0035.jpg 1 41 8 35 35
0223_0007_0006_0050_0050.jpg 1 7 6 50 50
0224_0007_0014_0064_0064.jpg 1 7 14 64 64
0225_0013_0014_0048_0048.jpg 1 13 14 48 48
0226_0031_0023_0064_0064.jpg 1 31 23 64 64
0227_0034_0030_0039_0039.jpg 1 34 30 39 39
0228_0023_0032_0058_0058.jpg 1 23 32 58 58
0229_0027_0016_0064_0064.jpg 1 27 16 64 64
0230_0030_0029_0043_0043.jpg 1 30 29 43 43
0231_0056_0043_0036_0036.jpg 1 56 43 36 36
0232_0012_0014_0027_0027.jpg 1 12 14 27 27
0233_0041_0029_0046_0046.jpg 1 41 29 46 46
0234_0014_0029_0063_0063.jpg 1 14 29 63 63
0235_0042_0005_0050_0050.jpg 1 42 5 50 50
0236_0023_0022_0059_0059.jpg 1 23 22 59 59
0237_0023_0023_0067_0067.jpg 1 23 23 67 67
0238_0024_0024_0066_0066.jpg 1 24 24 66 66
0239_0028_0006_0043_0043.jpg 1 28 6 43 43
0240_0027_0025_0060_0060.jpg 1 27 25 60 60
0241_0010_0031_0037_0037.jpg 1 10 31 37 37
0242_0025_0020_0065_0065.jpg 1 25 20 65 65
0243_0044_0045_0044_0044.jpg 1 44 45 44 44
0244_0015_0022_0051_0051.jpg 1 15 22 51 51
0245_0051_0007_0033_0033.jpg 1 51 7 33 33
0246_0014_0007_0068_0068.jpg 1 14 7 68 68
0247_0017_0005_0053_0053.jpg 1 17 5 53 53
0248_0033_0018_0038_0038.jpg 1 33 18 38 38
0249_0031_0013_0043_0043.jpg 1 31 13 43 43
0250_0014_0018_0067_0067.jpg 1 14 18 67 67
0251_0008_0023_0033_0033.jpg 1 8 23 33 33
0252_0050_0017_0026_0026.jpg 1 50 17 26 26
0253_0020_0032_0025_0025.jpg 1 20 32 25 25
0254_0021_0010_0031_0031.jpg 1 21 10 31 31
0255_0035_0009_0057_0057.jpg 1 35 9 57 57
0256_0035_0034_0031_0031.jpg 1 35 34 31 31
0257_0043_0051_0036_0036.jpg 1 43 51 36 36
0258_0018_0034_0055_0055.jpg 1 18 34 55 55
0259_0018_0024_0062_0062.jpg 1 18 24 62 62
0260_0030_0025_0064_0064.jpg 1 30 25 64 64
0261_0026_0016_0060_0060.jpg 1 26 16 60 60
0262_0047_0017_0038_0038.jpg 1 47 17 38 38
0263_0059_0055_0033_0033.jpg 1 59 55 33 33
0264_0011_0007_0059_0059.jpg 1 11 7 59 59
0265_0010_0015_0065_0065.jpg 1 10 15 65 65
0266_0023_0024_0037_0037.jpg 1 23 24 37 37
0267_0034_0019_0036_0036.jpg 1 34 19 36 36
0268_0030_0024_0038_0038.jpg 1 30 24 38 38
0269_0023_0014_0063_0063.jpg 1 23 14 63 63
0270_0023_0022_0041_0041.jpg 1 23 22 41 41
0271_0027_0030_0052_0052.jpg 1 27 30 52 52
0272_0024_0026_0035_0035.jpg 1 24 26 35 35
0273_0022_0011_0042_0042.jpg 1 22 11 42 42
0274_0045_0020_0046_0046.jpg 1 45 20 46 46
0275_0032_0025_0053_0053.jpg 1 32 25 53 53
0276_0038_0060_0029_0029.jpg 1 38 60 29 29
0277_0018_0006_0044_0044.jpg 1 18 6 44 44
0278_0007_0018_0069_0069.jpg 1 7 18 69 69
0279_0038_0049_0027_0027.jpg 1 38 49 27 27
0280_0013_0030_0062_0062.jpg 1 13 30 62 62
0281_0025_0039_0026_0026.jpg 1 25 39 26 26
0282_0040_0012_0055_0055.jpg 1 40 12 55 55
0283_0029_0032_0054_0054.jpg 1 29 32 54 54
0284_0062_0040_0028_0028.jpg 1 62 40 28 28
0285_0032_0006_0047_0047.jpg 1 32 6 47 47
0286_0042_0030_0032_0032.jpg 1 42 30 32 32
0287_0026_0063_0028_0028.jpg 1 26 63 28 28
0288_0020_0022_0026_0026.jpg 1 20 22 26 26
0289_0044_0064_0024_0024.jpg 1 44 64 24 24
0290_0042_0011_0029_0029.jpg 1 42 11 29 29
0291_0017_0045_0029_0029.jpg 1 17 45 29 29
0292_0003_0025_0068_0068.jpg 1 3 25 68 68
0293_0050_0017_0034_0034.jpg 1 50 17 34 34
0294_0022_0026_0053_0053.jpg 1 22 26 53 53
0295_0027_0024_0055_0055.jpg 1 27 24 55 55
0296_0027_0014_0058_0058.jpg 1 27 14 58 58
0297_0022_0043_0030_0030.jpg 1 22 43 30 30
0298_0038_0022_0050_0050.jpg 1 38 22 50 50
0299_0008_0019_0055_0055.jpg 1 8 19 55 55
0300_0026_0004_0069_0069.jpg 1 26 4 69 69
0301_0021_0013_0069_0069.jpg 1 21 13 69 69
0302_0010_0029_0066_0066.jpg 1 10 29 66 66
0303_0032_0061_0026_0026.jpg 1 32 61 26 26
0304_0032_0017_0062_0062.jpg 1 32 17 62 62
0305_0051_0036_0041_0041.jpg 1 51 36 41 41
0306_0032_0036_0048_0048.jpg 1 32 36 48 48
0307_0015_0011_0040_0040.jpg 1 15 11 40 40
0308_0030_0009_0038_0038.jpg 1 30 9 38 38
0309_0008_0010_0028_0028.jpg 1 8 10 28 28
0310_0041_0011_0025_0025.jpg 1 41 11 25 25
0311_0028_0040_0035_0035.jpg 1 28 40 35 35
0312_0020_0011_0057_0057.jpg 1 20 11 57 57
0313_0044_0020_0034_0034.jpg 1 44 20 34 34
0314_0019_0008_0057_0057.jpg 1 19 8 57 57
0315_0037_0010_0035_0035.jpg 1 37 10 35 35
0316_0023_0027_0041_0041.jpg 1 23 27 41 41
0317_0009_0027_0032_0032.jpg 1 9 27 32 32
0318_0013_0034_0059_0059.jpg 1 13 34 59 59
0319_0012_0005_0043_0043.jpg 1 12 5 43 43
0320_0011_0014_0058_0058.jpg 1 11 14 58 58
0321_0037_0019_0041_0041.jpg 1 37 19 41 41
0322_0022_0024_0059_0059.jpg 1 22 24 59 59
0323_0009_0022_0056_0056.jpg 1 9 22 56 56
0324_0042_0045_0045_0045.jpg 1 42 45 45 45
0325_0063_0058_0026_0026.jpg 1 63 58 26 26
0326_0016_0019_0056_0056.jpg 1 16 19 56 56
0327_0033_0044_0036_0036.jpg 1 33 44 36 36
0328_0024_0039_0032_0032.jpg 1 24 39 32 32
0329_0016_0009_0040_0040.jpg 1 16 9 40 40
0330_0020_0007_0066_0066.jpg 1 20 7 66 66
0331_0014_0039_0034_0034.jpg 1 14 39 34 34
0332_0017_0036_0047_0047.jpg 1 17 36 47 47
0333_0037_0011_0046_0046.jpg 1 37 11 46 46
0334_0010_0025_0064_0064.jpg 1 10 25 64 64
0335_0041_0041_0030_0030.jpg 1 41 41 30 30
0336_0058_0046_0029_0029.jpg 1 58 46 29 29
0337_0050_0044_0038_0038.jpg 1 50 44 38 38
0338_0033_0025_0027_0027.jpg 1 33 25 27 27
0339_0048_0042_0026_0026.jpg 1 48 42 26 26
0340_0047_0056_0030_0030.jpg 1 47 56 30 30
0341_0026_0029_0051_0051.jpg 1 26 29 51 51
0342_0010_0031_0064_0064.jpg 1 10 31 64 64
0343_0027_0032_0064_0064.jpg 1 27 32 64 64
0344_0020_0024_0057_0057.jpg 1 20 24 57 57
0345_0017_0029_0039_0039.jpg 1 17 29 39 39
0346_0047_0035_0041_0041.jpg 1 47 35 41 41
0347_0023_0033_0028_0028.jpg 1 23 33 28 28
0348_0046_0019_0030_0030.jpg 1 46 19 30 30
0349_0015_0011_0061_0061.jpg 1 15 11 61 61
0350_0058_0013_0024_0024.jpg 1 58 13 24 24
0351_0009_0045_0048_0048.jpg 1 9 45 48 48
0352_0007_0026_0058_0058.jpg 1 7 26 58 58
0353_0012_0009_0037_0037.jpg 1 12 9 37 37
0354_0006_0025_0052_0052.jpg 1 6 25 52 52
0355_0044_0058_0031_0031.jpg 1 44 58 31 31
0356_0031_0012_0045_0045.jpg 1 31 12 45 45
0357_0025_0005_0064_0064.jpg 1 25 5 64 64
0358_0026_0029_0027_0027.jpg 1 26 29 27 27
0359_0043_0041_0024_0024.jpg 1 43 41 24 24
0360_0015_0008_0027_0027.jpg 1 15 8 27 27
0361_0028_0010_0051_0051.jpg 1 28 10 51 51
0362_0006_0011_0062_0062.jpg 1 6 11 62 62
0363_0026_0030_0048_0048.jpg 1 26 30 48 48
0364_0050_0032_0031_0031.jpg 1 50 32 31 31
0365_0033_0029_0024_0024.jpg 1 33 29 24 24
0366_0030_0025_0027_0027.jpg 1 30 25 27 27
0367_0045_0026_0026_0026.jpg 1 45 26 26 26
0368_0010_0004_0057_0057.jpg 1 10 4 57 57
0369_0028_0010_0039_0039.jpg 1 28 10 39 39
0370_0047_0028_0032_0032.jpg 1 47 28 32 32
0371_0010_0023_0068_0068.jpg 1 10 23 68 68
0372_0024_0006_0056_0056.jpg 1 24 6 56 56
0373_0007_0020_0062_0062.jpg 1 7 20 62 62
0374_0025_0026_0047_0047.jpg 1 25 26 47 47
0375_0026_0013_0037_0037.jpg 1 26 13 37 37
0376_0026_0006_0069_0069.jpg 1 26 6 69 69
0377_0031_0065_0027_0027.jpg 1 31 65 27 27
0378_0024_0020_0051_0051.jpg 1 24 20 51 51
0379_0036_0009_0048_0048.jpg 1 36 9 48 48
0380_0019_0034_0043_0043.jpg 1 19 34 43 43
0381_0007_0013_0046_0046.jpg 1 7 13 46 46
0382_0011_0008_0068_0068.jpg 1 11 8 68 68
0383_0043_0011_0027_0027.jpg 1 43 11 27 27
0384_0058_0061_0026_0026.jpg 1 58 61 26 26
0385_0044_0037_0050_0050.jpg 1 44 37 50 50
0386_0043_0017_0034_0034.jpg 1 43 17 34 34
0387_0012_0024_0061_0061.jpg 1 12 24 61 61
0388_0012_0030_0054_0054.jpg 1 12 30 54 54
0389_0037_0040_0050_0050.jpg 1 37 40 50 50
0390_0044_0041_0026_0026.jpg 1 44 41 26 26
0391_0024_0041_0037_0037.jpg 1 24 41 37 37
0392_0017_0018_0061_0061.jpg 1 17 18 61 61
0393_0024_0011_0065_0065.jpg 1 24 11 65 65
0394_0032_0036_0055_0055.jpg 1 32 36 55 55
0395_0034_0023_0058_0058.jpg 1 34 23 58 58
0396_0014_0025_0040_0040.jpg 1 14 25 40 40
0397_0014_0027_0047_0047.jpg 1 14 27 47 47
0398_0039_0038_0040_0040.jpg 1 39 38 40 40
0399_0028_0024_0066_0066.jpg 1 28 24 66 66
0400_0024_0025_0053_0053.jpg 1 24 25 53 53
0401_0008_0037_0052_0052.jpg 1 8 37 52 52
0402_0029_0025_0060_0060.jpg 1 29 25 60 60
0403_0004_0028_0066_0066.jpg 1 4 28 66 66
0404_0010_0023_0069_0069.jpg 1 10 23 69 69
0405_0025_0031_0058_0058.jpg 1 25 31 58 58
0406_0010_0013_0066_0066.jpg 1 10 13 66 66
0407_0040_0013_0036_0036.jpg 1 40 13 36 36
0408_0010_0020_0049_0049.jpg 1 10 20 49 49
0409_0045_0015_0045_0045.jpg 1 45 15 45 45
0410_0042_0027_0041_0041.jpg 1 42 27 41 41
0411_0012_0027_0044_0044.jpg 1 12 27 44 44
0412_0004_0004_0059_0059.jpg 1 4 4 59 59
0413_0028_0040_0029_0029.jpg 1 28 40 29 29
0414_0006_0004_0064_0064.jpg 1 6 4 64 64
0415_0028_0030_0064_0064.jpg 1 28 30 64 64
0416_0022_0025_0024_0024.jpg 1 22 25 24 24
0417_0012_0008_0047_0047.jpg 1 12 8 47 47
0418_0058_0024_0033_0033.jpg 1 58 24 33 33
0419_0043_0010_0038_0038.jpg 1 43 10 38 38
0420_0032_0005_0061_0061.jpg 1 32 5 61 61
0421_0021_0015_0068_0068.jpg 1 21 15 68 68
0422_0020_0039_0042_0042.jpg 1 20 39 42 42
0423_0021_0005_0064_0064.jpg 1 21 5 64 64
0424_0016_0035_0033_0033.jpg 1 16 35 33 33
0425_0046_0025_0031_0031.jpg 1 46 25 31 31
0426_0019_0020_0053_0053.jpg 1 19 20 53 53
0427_0009_0009_0055_0055.jpg 1 9 9 55 55
0428_0009_0014_0032_0032.jpg 1 9 14 32 32
0429_0016_0003_0066_0066.jpg 1 16 3 66 66
0430_0044_0033_0034_0034.jpg 1 44 33 34 34
0431_0011_0005_0052_0052.jpg 1 11 5 52 52
0432_0032_0039_0028_0028.jpg 1 32 39 28 28
0433_0035_0010_0055_0055.jpg 1 35 10 55 55
0434_0029_0059_0032_0032.jpg 1 29 59 32 32
0435_0053_0035_0039_0039.jpg 1 53 35 39 39
0436_0022_0036_0058_0058.jpg 1 22 36 58 58
0437_0060_0010_0031_0031.jpg 1 60 10 31 31
0438_0018_0051_0031_0031.jpg 1 18 51 31 31
0439_0029_0027_0060_0060.jpg 1 29 27 60 60
0440_0045_0026_0043_0043.jpg 1 45 26 43 43
0441_0049_0044_0045_0045.jpg 1 49 44 45 45
0442_0016_0018_0043_0043.jpg 1 16 18 43 43
0443_0017_0014_0050_0050.jpg 1 17 14 50 50
0444_0028_0031_0051_0051.jpg 1 28 31 51 51
0445_0045_0033_0043_0043.jpg 1 45 33 43 43
0446_0049_0040_0043_0043.jpg 1 49 40 43 43
0447_0044_0030_0029_0029.jpg 1 44 30 29 29
0448_0016_0011_0068_0068.jpg 1 16 11 68 68
0449_0040_0033_0048_0048.jpg 1 40 33 48 48
0450_0044_0029_0031_0031.jpg 1 44 29 31 31
0451_0040_0014_0035_0035.jpg 1 40 14 35 35
0452_0021_0008_0038_0038.jpg 1 21 8 38 38
0453_0019_0011_0055_0055.jpg 1 19 11 55 55
0454_0023_0024_0058_0058.jpg 1 23 24 58 58
0455_0017_0016_0047_0047.jpg 1 17 16 47 47
0456_0019_0024_0058_0058.jpg 1 19 24 58 58
0457_0026_0008_0043_0043.jpg 1 26 8 43 43
0458_0013_0046_0035_0035.jpg 1 13 46 35 35
0459_0018_0012_0057_0057.jpg 1 18 12 57 57
0460_0008_0034_0043_0043.jpg 1 8 34 43 43
0461_0027_0035_0053_0053.jpg 1 27 35 53 53
0462_0015_0013_0069_0069.jpg 1 15 13 69 69
0463_0013_0020_0061_0061.jpg 1 13 20 61 61
0464_0044_0021_0032_0032.jpg 1 44 21 32 32
0465_0004_0030_0062_0062.jpg 1 4 30 62 62
0466_0012_0030_0044_0044.jpg 1 12 30 44 44
0467_0010_0033_0054_0054.jpg 1 10 33 54 54
0468_0046_0042_0042_0042.jpg 1 46 42 42 42
0469_0039_0051_0024_0024.jpg 1 39 51 24 24
0470_0032_0006_0047_0047.jpg 1 32 6 47 47
0471_0025_0019_0026_0026.jpg 1 25 19 26 26
0472_0051_0020_0033_0033.jpg 1 51 20 33 33
0473_0014_0027_0048_0048.jpg 1 14 27 48 48
0474_0014_0008_0049_0049.jpg 1 14 8 49 49
0475_0033_0016_0053_0053.jpg 1 33 16 53 53
0476_0024_0029_0058_0058.jpg 1 24 29 58 58
0477_0028_0030_0066_0066.jpg 1 28 30 66 66
0478_0008_0029_0032_0032.jpg 1 8 29 32 32
0479_0013_0008_0066_0066.jpg 1 13 8 66 66
0480_0013_0010_0051_0051.jpg 1 13 10 51 51
0481_0033_0024_0059_0059.jpg 1 33 24 59 59
0482_0023_0037_0054_0054.jpg 1 23 37 54 54
0483_0037_0038_0046_0046.jpg 1 37 38 46 46
0484_0011_0025_0055_0055.jpg 1 11 25 55 55
0485_0028_0026_0062_0062.jpg 1 28 26 62 62
0486_0015_0009_0037_0037.jpg 1 15 9 37 37
0487_0041_0024_0030_0030.jpg 1 41 24 30 30
0488_0007_0007_0058_0058.jpg 1 7 7 58 58
0489_0043_0028_0049_0049.jpg 1 43 28 49 49
0490_0004_0021_0068_0068.jpg 1 4 21 68 68
0491_0038_0030_0049_0049.jpg 1 38 30 49 49
0492_0060_0053_0028_0028.jpg 1 60 53 28 28
0493_0022_0016_0065_0065.jpg 1 22 16 65 65
0494_0030_0009_0063_0063.jpg 1 30 9 63 63
0495_0004_0025_0061_0061.jpg 1 4 25 61 61
0496_0036_0018_0034_0034.jpg 1 36 18 34 34
0497_0020_0021_0052_0052.jpg 1 20 21 52 52
0498_0009_0039_0055_0055.jpg 1 9 39 55 55
0499_0015_0007_0047_0047.jpg 1 15 7 47 47
0500_0038_0025_0040_0040.jpg 1 38 25 40 40
0501_0043_0022_0046_0046.jpg 1 43 22 46 46
0502_0057_0053_0035_0035.jpg 1 57 53 35 35
0503_0038_0018_0047_0047.jpg 1 38 18 47 47
0504_0036_0015_0056_0056.jpg 1 36 15 56 56
0505_0054_0015_0028_0028.jpg 1 54 15 28 28
0506_0047_0029_0038_0038.jpg 1 47 29 38 38
0507_0037_0037_0024_0024.jpg 1 37 37 24 24
0508_0032_0039_0054_0054.jpg 1 32 39 54 54
0509_0022_0004_0064_0064.jpg 1 22 4 64 64
0510_0006_0015_0037_0037.jpg 1 6 15 37 37
0511_0045_0025_0045_0045.jpg 1 45 25 45 45
0512_0024_0026_0065_0065.jpg 1 24 26 65 65
0513_0018_0007_0065_0065.jpg 1 18 7 65 65
0514_0020_0037_0047_0047.jpg 1 20 37 47 47
0515_0040_0026_0036_0036.jpg 1 40 26 36 36
0516_0008_0031_0062_0062.jpg 1 8 31 62 62
0517_0023_0066_0024_0024.jpg 1 23 66 24 24
0518_0029_0003_0063_0063.jpg 1 29 3 63 63
0519_0012_0005_0061_0061.jpg 1 12 5 61 61
0520_0034_0049_0043_0043.jpg 1 34 49 43 43
0521_0028_0012_0068_0068.jpg 1 28 12 68 68
0522_0030_0005_0050_0050.jpg 1 30 5 50 50
0523_0015_0025_0065_0065.jpg 1 15 25 65 65
0524_0033_0028_0047_0047.jpg 1 33 28 47 47
0525_0028_0022_0047_0047.jpg 1 28 22 47 47
0526_0021_0003_0067_0067.jpg 1 21 3 67 67
0527_0025_0014_0069_0069.jpg 1 25 14 69 69
0528_0024_0014_0061_0061.jpg 1 24 14 61 61
0529_0028_0037_0049_0049.jpg 1 28 37 49 49
0530_0034_0026_0037_0037.jpg 1 34 26 37 37
0531_0019_0010_0059_0059.jpg 1 19 10 59 59
0532_0023_0025_0058_0058.jpg 1 23 25 58 58
0533_0049_0046_0045_0045.jpg 1 49 46 45 45
0534_0027_0021_0054_0054.jpg 1 27 21 54 54
0535_0016_0029_0058_0058.jpg 1 16 29 58 58
0536_0018_0013_0031_0031.jpg 1 18 13 31 31
0537_0008_0039_0031_0031.jpg 1 8 39 31 31
0538_0042_0051_0032_0032.jpg 1 42 51 32 32
0539_0010_0035_0033_0033.jpg 1 10 35 33 33
0540_0034_0039_0056_0056.jpg 1 34 39 56 56
0541_0022_0025_0049_0049.jpg 1 22 25 49 49
0542_0022_0018_0046_0046.jpg 1 22 18 46 46
0543_0013_0005_0064_0064.jpg 1 13 5 64 64
0544_0031_0010_0062_0062.jpg 1 31 10 62 62
0545_0014_0012_0068_0068.jpg 1 14 12 68 68
0546_0046_0025_0046_0046.jpg 1 46 25 46 46
0547_0021_0010_0069_0069.jpg 1 21 10 69 69
0548_0017_0005_0059_0059.jpg 1 17 5 59 59
0549_0009_0034_0057_0057.jpg 1 9 34 57 57
0550_0021_0017_0069_0069.jpg 1 21 17 69 69
0551_0041_0034_0051_0051.jpg 1 41 34 51 51
0552_0008_0047_0025_0025.jpg 1 8 47 25 25
0553_0015_0021_0036_0036.jpg 1 15 21 36 36
0554_0033_0016_0044_0044.jpg 1 33 16 44 44
0555_0004_0027_0066_0066.jpg 1 4 27 66 66
0556_0025_0005_0069_0069.jpg 1 25 5 69 69
0557_0023_0010_0054_0054.jpg 1 23 10 54 54
0558_0038_0017_0057_0057.jpg 1 38 17 57 57
0559_0005_0023_0062_0062.jpg 1 5 23 62 62
0560_0036_0007_0031_0031.jpg 1 36 7 31 31
0561_0023_0019_0061_0061.jpg 1 23 19 61 61
0562_0005_0004_0066_0066.jpg 1 5 4 66 66
0563_0025_0017_0037_0037.jpg 1 25 17 37 37
0564_0047_0026_0043_0043.jpg 1 47 26 43 43
0565_0016_0020_0067_0067.jpg 1 16 20 67 67
0566_0044_0028_0046_0046.jpg 1 44 28 46 46
0567_0007_0046_0025_0025.jpg 1 7 46 25 25
0568_0035_0022_0029_0029.jpg 1 35 22 29 29
0569_0005_0034_0056_0056.jpg 1 5 34 56 56
0570_0027_0040_0038_0038.jpg 1 27 40 38 38
0571_0008_0031_0058_0058.jpg 1 8 31 58 58
0572_0036_0012_0058_0058.jpg 1 36 12 58 58
0573_0014_0031_0045_0045.jpg 1 14 31 45 45
0574_0009_0033_0053_0053.jpg 1 9 33 53 53
0575_0011_0007_0028_0028.jpg 1 11 7 28 28
0576_0022_0042_0048_0048.jpg 1 22 42 48 48
0577_0036_0030_0048_0048.jpg 1 36 30 48 48
0578_0044_0037_0028_0028.jpg 1 44 37 28 28
0579_0011_0035_0054_0054.jpg 1 11 35 54 54
0580_0020_0033_0054_0054.jpg 1 20 33 54 54
0581_0027_0018_0037_0037.jpg 1 27 18 37 37
0582_0022_0029_0063_0063.jpg 1 22 29 63 63
0583_0060_0026_0031_0031.jpg 1 60 26 31 31
0584_0012_0010_0031_0031.jpg 1 12 10 31 31
0585_0018_0019_0067_0067.jpg 1 18 19 67 67
0586_0007_0007_0056_0056.jpg 1 7 7 56 56
0587_0014_0038_0051_0051.jpg 1 14 38 51 51
0588_0034_0007_0042_0042.jpg 1 34 7 42 42
0589_0011_0026_0033_0033.jpg 1 11 26 33 33
0590_0063_0036_0026_0026.jpg 1 63 36 26 26
0591_0056_0036_0028_0028.jpg 1 56 36 28 28
0592_0014_0017_0068_0068.jpg 1 14 17 68 68
0593_0018_0017_0060_0060.jpg 1 18 17 60 60
0594_0021_0051_0039_0039.jpg 1 21 51 39 39
0595_0034_0016_0052_0052.jpg 1 34 16 52 52
0596_0041_0030_0048_0048.jpg 1 41 30 48 48
0597_0050_0007_0041_0041.jpg 1 50 7 41 41
0598_0027_0018_0028_0028.jpg 1 27 18 28 28
0599_0030_0007_0059_0059.jpg 1 30 7 59 59
0600_0021_0019_0067_0067.jpg 1 21 19 67 67
0601_0014_0008_0033_0033.jpg 1 14 8 33 33
0602_0012_0025_0046_0046.jpg 1 12 25 46 46
0603_0024_0009_0069_0069.jpg 1 24 9 69 69
0604_0024_0021_0058_0058.jpg 1 24 21 58 58
0605_0008_0043_0027_0027.jpg 1 8 43 27 27
0606_0013_0035_0042_0042.jpg 1 13 35 42 42
0607_0053_0012_0040_0040.jpg 1 53 12 40 40
0608_0012_0017_0063_0063.jpg 1 12 17 63 63
0609_0020_0052_0025_0025.jpg 1 20 52 25 25
0610_0018_0027_0047_0047.jpg 1 18 27 47 47
0611_0010_0007_0059_0059.jpg 1 10 7 59 59
0612_0010_0049_0042_0042.jpg 1 10 49 42 42
0613_0011_0010_0047_0047.jpg 1 11 10 47 47
0614_0013_0022_0062_0062.jpg 1 13 22 62 62
0615_0009_0006_0042_0042.jpg 1 9 6 42 42
0616_0039_0036_0051_0051.jpg 1 39 36 51 51
0617_0045_0050_0026_0026.jpg 1 45 50 26 26
0618_0043_0015_0042_0042.jpg 1 43 15 42 42
0619_0043_0042_0038_0038.jpg 1 43 42 38 38
0620_0034_0029_0051_0051.jpg 1 34 29 51 51
0621_0009_0014_0061_0061.jpg 1 9 14 61 61
0622_0006_0022_0061_0061.jpg 1 6 22 61 61
0623_0018_0026_0061_0061.jpg 1 18 26 61 61
0624_0039_0038_0029_0029.jpg 1 39 38 29 29
0625_0006_0028_0044_0044.jpg 1 6 28 44 44
0626_0056_0012_0032_0032.jpg 1 56 12 32 32
0627_0012_0016_0064_0064.jpg 1 12 16 64 64
0628_0007_0045_0047_0047.jpg 1 7 45 47 47
0629_0008_0005_0052_0052.jpg 1 8 5 52 52
0630_0022_0010_0032_0032.jpg 1 22 10 32 32
0631_0039_0027_0050_0050.jpg 1 39 27 50 50
0632_0032_0010_0061_0061.jpg 1 32 10 61 61
0633_0054_0030_0032_0032.jpg 1 54 30 32 32
0634_0014_0016_0052_0052.jpg 1 14 16 52 52
0635_0026_0025_0057_0057.jpg 1 26 25 57 57
0636_0032_0005_0060_0060.jpg 1 32 5 60 60
0637_0021_0036_0040_0040.jpg 1 21 36 40 40
0638_0013_0006_0069_0069.jpg 1 13 6 69 69
0639_0008_0009_0060_0060.jpg 1 8 9 60 60
0640_0018_0007_0056_0056.jpg 1 18 7 56 56
0641_0034_0009_0028_0028.jpg 1 34 9 28 28
0642_0018_0004_0067_0067.jpg 1 18 4 67 67
0643_0041_0014_0049_0049.jpg 1 41 14 49 49
0644_0051_0013_0037_0037.jpg 1 51 13 37 37
0645_0046_0056_0027_0027.jpg 1 46 56 27 27
0646_0021_0023_0038_0038.jpg 1 21 23 38 38
0647_0013_0007_0040_0040.jpg 1 13 7 40 40
0648_0018_0006_0054_0054.jpg 1 18 6 54 54
0649_0049_0019_0031_0031.jpg 1 49 19 31 31
0650_0005_0031_0062_0062.jpg 1 5 31 62 62
0651_0014_0035_0053_0053.jpg 1 14 35 53 53
0652_0020_0028_0048_0048.jpg 1 20 28 48 48
0653_0018_0030_0054_0054.jpg 1 18 30 54 54
0654_0019_0006_0050_0050.jpg 1 19 6 50 50
0655_0009_0007_0061_0061.jpg 1 9 7 61 61
0656_0029_0010_0054_0054.jpg 1 29 10 54 54
0657_0031_0026_0032_0032.jpg 1 31 26 32 32
0658_0020_0036_0034_0034.jpg 1 20 36 34 34
0659_0048_0031_0045_0045.jpg 1 48 31 45 45
0660_0011_0019_0066_0066.jpg 1 11 19 66 66
0661_0059_0013_0028_0028.jpg 1 59 13 28 28
0662_0029_0029_0055_0055.jpg 1 29 29 55 55
0663_0046_0036_0048_0048.jpg 1 46 36 48 48
0664_0024_0044_0032_0032.jpg 1 24 44 32 32
0665_0020_0016_0028_0028.jpg 1 20 16 28 28
0666_0026_0036_0048_0048.jpg 1 26 36 48 48
0667_0051_0022_0033_0033.jpg 1 51 22 33 33
0668_0010_0023_0039_0039.jpg 1 10 23 39 39
0669_0042_0014_0038_0038.jpg 1 42 14 38 38
0670_0030_0054_0029_0029.jpg 1 30 54 29 29
0671_0010_0028_0064_0064.jpg 1 10 28 64 64
0672_0020_0038_0029_0029.jpg 1 20 38 29 29
0673_0044_0016_0049_0049.jpg 1 44 16 49 49
0674_0060_0063_0026_0026.jpg 1 60 63 26 26
0675_0038_0023_0031_0031.jpg 1 38 23 31 31
0676_0010_0054_0030_0030.jpg 1 10 54 30 30
0677_0053_0039_0038_0038.jpg 1 53 39 38 38
0678_0048_0035_0044_0044.jpg 1 48 35 44 44
0679_0018_0015_0065_0065.jpg 1 18 15 65 65
0680_0023_0018_0064_0064.jpg 1 23 18 64 64
0681_0012_0020_0028_0028.jpg 1 12 20 28 28
0682_0011_0019_0055_0055.jpg 1 11 19 55 55
0683_0032_0011_0058_0058.jpg 1 32 11 58 58
0684_0007_0012_0063_0063.jpg 1 7 12 63 63
0685_0046_0036_0048_0048.jpg 1 46 36 48 48
0686_0045_0005_0048_0048.jpg 1 45 5 48 48
0687_0006_0047_0044_0044.jpg 1 6 47 44 44
0688_0030_0037_0029_0029.jpg 1 30 37 29 29
0689_0019_0028_0038_0038.jpg 1 19 28 38 38
0690_0006_0042_0045_0045.jpg 1 6 42 45 45
0691_0021_0038_0032_0032.jpg 1 21 38 32 32
0692_0040_0041_0044_0044.jpg 1 40 41 44 44
0693_0007_0024_0063_0063.jpg 1 7 24 63 63
0694_0006_0006_0069_0069.jpg 1 6 6 69 69
0695_0031_0012_0025_0025.jpg 1 31 12 25 25
0696_0006_0024_0064_0064.jpg 1 6 24 64 64
0697_0056_0013_0031_0031.jpg 1 56 13 31 31
0698_0023_0016_0033_0033.jpg 1 23 16 33 33
0699_0032_0021_0053_0053.jpg 1 32 21 53 53
0700_0043_0017_0046_0046.jpg 1 43 17 46 46
0701_0009_0009_0046_0046.jpg 1 9 9 46 46
0702_0043_0010_0045_0045.jpg 1 43 10 45 45
0703_0021_0036_0052_0052.jpg 1 21 36 52 52
0704_0016_0038_0051_0051.jpg 1 16 38 51 51
0705_0036_0040_0041_0041.jpg 1 36 40 41 41
0706_0006_0008_0044_0044.jpg 1 6 8 44 44
0707_0030_0037_0053_0053.jpg 1 30 37 53 53
0708_0056_0045_0033_0033.jpg 1 56 45 33 33
0709_0012_0039_0045_0045.jpg 1 12 39 45 45
0710_0041_0015_0050_0050.jpg 1 41 15 50 50
0711_0023_0021_0029_0029.jpg 1 23 21 29 29
0712_0011_0005_0055_0055.jpg 1 11 5 55 55
0713_0016_0013_0063_0063.jpg 1 16 13 63 63
0714_0023_0020_0047_0047.jpg 1 23 20 47 47
0715_0029_0027_0059_0059.jpg 1 29 27 59 59
0716_0037_0033_0055_0055.jpg 1 37 33 55 55
0717_0030_0027_0031_0031.jpg 1 30 27 31 31
0718_0038_0026_0046_0046.jpg 1 38 26 46 46
0719_0035_0048_0038_0038.jpg 1 35 48 38 38
0720_0046_0018_0032_0032.jpg 1 46 18 32 32
0721_0021_0028_0057_0057.jpg 1 21 28 57 57
0722_0015_0027_0035_0035.jpg 1 15 27 35 35
0723_0005_0037_0042_0042.jpg 1 5 37 42 42
0724_0010_0029_0042_0042.jpg 1 10 29 42 42
0725_0026_0020_0053_0053.jpg 1 26 20 53 53
0726_0030_0038_0036_0036.jpg 1 30 38 36 36
0727_0059_0065_0024_0024.jpg 1 59 65 24 24
0728_0044_0026_0042_0042.jpg 1 44 26 42 42
0729_0013_0040_0055_0055.jpg 1 13 40 55 55
0730_0026_0023_0048_0048.jpg 1 26 23 48 48
0731_0004_0027_0059_0059.jpg 1 4 27 59 59
0732_0036_0057_0025_0025.jpg 1 36 57 25 25
0733_0050_0014_0043_0043.jpg 1 50 14 43 43
0734_0031_0024_0043_0043.jpg 1 31 24 43 43
0735_0023_0008_0055_0055.jpg 1 23 8 55 55
0736_0024_0049_0043_0043.jpg 1 24 49 43 43
0737_0033_0009_0030_0030.jpg 1 33 9 30 30
0738_0012_0016_0065_0065.jpg 1 12 16 65 65
0739_0027_0028_0062_0062.jpg 1 27 28 62 62
0740_0040_0033_0040_0040.jpg 1 40 33 40 40
0741_0040_0007_0026_0026.jpg 1 40 7 26 26
0742_0020_0017_0051_0051.jpg 1 20 17 51 51
0743_0037_0027_0026_0026.jpg 1 37 27 26 26
0744_0011_0030_0039_0039.jpg 1 11 30 39 39
0745_0010_0012_0066_0066.jpg 1 10 12 66 66
0746_0027_0044_0043_0043.jpg 1 27 44 43 43
0747_0046_0034_0039_0039.jpg 1 46 34 39 39
0748_0038_0043_0037_0037.jpg 1 38 43 37 37
0749_0014_0045_0035_0035.jpg 1 14 45 35 35
0750_0009_0008_0064_0064.jpg 1 9 8 64 64
0751_0006_0014_0039_0039.jpg 1 6 14 39 39
0752_0017_0046_0039_0039.jpg 1 17 46 39 39
0753_0017_0015_0043_0043.jpg 1 17 15 43 43
0754_0013_0026_0060_0060.jpg 1 13 26 60 60
0755_0027_0005_0065_0065.jpg 1 27 5 65 65
0756_0048_0008_0035_0035.jpg 1 48 8 35 35
0757_0006_0031_0043_0043.jpg 1 6 31 43 43
0758_0011_0027_0049_0049.jpg 1 11 27 49 49
0759_0008_0044_0046_0046.jpg 1 8 44 46 46
0760_0042_0012_0046_0046.jpg 1 42 12 46 46
0761_0029_0045_0035_0035.jpg 1 29 45 35 35
0762_0020_0038_0056_0056.jpg 1 20 38 56 56
0763_0006_0011_0068_0068.jpg 1 6 11 68 68
0764_0016_0018_0047_0047.jpg 1 16 18 47 47
0765_0010_0006_0044_0044.jpg 1 10 6 44 44
0766_0011_0011_0066_0066.jpg 1 11 11 66 66
0767_0024_0013_0068_0068.jpg 1 24 13 68 68
0768_0039_0062_0024_0024.jpg 1 39 62 24 24
0769_0055_0018_0033_0033.jpg 1 55 18 33 33
0770_0022_0035_0051_0051.jpg 1 22 35 51 51
0771_0031_0050_0043_0043.jpg 1 31 50 43 43
0772_0034_0015_0057_0057.jpg 1 34 15 57 57
0773_0009_0013_0066_0066.jpg 1 9 13 66 66
0774_0010_0016_0055_0055.jpg 1 10 16 55 55
0775_0031_0040_0036_0036.jpg 1 31 40 36 36
0776_0043_0013_0040_0040.jpg 1 43 13 40 40
0777_0011_0021_0041_0041.jpg 1 11 21 41 41
0778_0021_0010_0047_0047.jpg 1 21 10 47 47
0779_0016_0043_0045_0045.jpg 1 16 43 45 45
0780_0041_0040_0033_0033.jpg 1 41 40 33 33
0781_0026_0010_0063_0063.jpg 1 26 10 63 63
0782_0034_0026_0048_0048.jpg 1 34 26 48 48
0783_0031_0019_0047_0047.jpg 1 31 19 47 47
0784_0049_0031_0044_0044.jpg 1 49 31 44 44
0785_0031_0032_0046_0046.jpg 1 31 32 46 46
0786_0038_0065_0026_0026.jpg 1 38 65 26 26
0787_0014_0010_0064_0064.jpg 1 14 10 64 64
0788_0024_0018_0048_0048.jpg 1 24 18 48 48
0789_0055_0027_0028_0028.jpg 1 55 27 28 28
0790_0046_0039_0027_0027.jpg 1 46 39 27 27
0791_0009_0010_0048_0048.jpg 1 9 10 48 48
0792_0010_0029_0065_0065.jpg 1 10 29 65 65
0793_0027_0051_0038_0038.jpg 1 27 51 38 38
0794_0025_0022_0057_0057.jpg 1 25 22 57 57
0795_0023_0048_0043_0043.jpg 1 23 48 43 43
0796_0039_0012_0049_0049.jpg 1 39 12 49 49
0797_0019_0020_0030_0030.jpg 1 19 20 30 30
0798_0033_0032_0061_0061.jpg 1 33 32 61 61
0799_0017_0014_0058_0058.jpg 1 17 14 58 58
0800_0041_0037_0051_0051.jpg 1 41 37 51 51
0801_0033_0041_0045_0045.jpg 1 33 41 45 45
0802_0063_0022_0025_0025.jpg 1 63 22 25 25
0803_0062_0041_0028_0028.jpg 1 62 41 28 28
0804_0022_0006_0068_0068.jpg 1 22 6 68 68
0805_0030_0030_0024_0024.jpg 1 30 30 24 24
0806_0017_0023_0040_0040.jpg 1 17 23 40 40
0807_0030_0020_0065_0065.jpg 1 30 20 65 65
0808_0014_0012_0045_0045.jpg 1 14 12 45 45
0809_0012_0028_0025_0025.jpg 1 12 28 25 25
0810_0018_0007_0050_0050.jpg 1 18 7 50 50
0811_0051_0053_0026_0026.jpg 1 51 53 26 26
0812_0064_0034_0024_0024.jpg 1 64 34 24 24
0813_0012_0034_0038_0038.jpg 1 12 34 38 38
0814_0023_0029_0035_0035.jpg 1 23 29 35 35
0815_0024_0012_0059_0059.jpg 1 24 12 59 59
0816_0019_0010_0065_0065.jpg 1 19 10 65 65
0817_0026_0006_0052_0052.jpg 1 26 6 52 52
0818_0009_0010_0067_0067.jpg 1 9 10 67 67
0819_0051_0015_0032_0032.jpg 1 51 15 32 32
0820_0006_0016_0035_0035.jpg 1 6 16 35 35
0821_0009_0016_0049_0049.jpg 1 9 16 49 49
0822_0033_0012_0057_0057.jpg 1 33 12 57 57
0823_0021_0009_0054_0054.jpg 1 21 9 54 54
0824_0049_0030_0027_0027.jpg 1 49 30 27 27
0825_0037_0061_0030_0030.jpg 1 37 61 30 30
0826_0024_0008_0057_0057.jpg 1 24 8 57 57
0827_0038_0009_0043_0043.jpg 1 38 9 43 43
0828_0024_0017_0061_0061.jpg 1 24 17 61 61
0829_0040_0020_0026_0026.jpg 1 40 20 26 26
0830_0014_0033_0056_0056.jpg 1 14 33 56 56
0831_0019_0052_0041_0041.jpg 1 19 52 41 41
0832_0013_0007_0058_0058.jpg 1 13 7 58 58
0833_0025_0025_0059_0059.jpg 1 25 25 59 59
0834_0010_0015_0039_0039.jpg 1 10 15 39 39
0835_0035_0010_0060_0060.jpg 1 35 10 60 60
0836_0027_0045_0038_0038.jpg 1 27 45 38 38
0837_0039_0006_0054_0054.jpg 1 39 6 54 54
0838_0018_0015_0057_0057.jpg 1 18 15 57 57
0839_0050_0052_0029_0029.jpg 1 50 52 29 29
0840_0015_0018_0063_0063.jpg 1 15 18 63 63
0841_0024_0031_0042_0042.jpg 1 24 31 42 42
0842_0034_0043_0040_0040.jpg 1 34 43 40 40
0843_0043_0047_0045_0045.jpg 1 43 47 45 45
0844_0019_0032_0027_0027.jpg 1 19 32 27 27
0845_0009_0019_0056_0056.jpg 1 9 19 56 56
0846_0020_0040_0038_0038.jpg 1 20 40 38 38
0847_0018_0012_0053_0053.jpg 1 18 12 53 53
0848_0004_0008_0056_0056.jpg 1 4 8 56 56
0849_0019_0041_0037_0037.jpg 1 19 41 37 37
0850_0028_0028_0042_0042.jpg 1 28 28 42 42
0851_0053_0052_0036_0036.jpg 1 53 52 36 36
0852_0027_0014_0060_0060.jpg 1 27 14 60 60
0853_0014_0030_0046_0046.jpg 1 14 30 46 46
0854_0023_0020_0046_0046.jpg 1 23 20 46 46
0855_0038_0040_0048_0048.jpg 1 38 40 48 48
0856_0018_0010_0068_0068.jpg 1 18 10 68 68
0857_0022_0015_0054_0054.jpg 1 22 15 54 54
0858_0052_0037_0036_0036.jpg 1 52 37 36 36
0859_0023_0023_0064_0064.jpg 1 23 23 64 64
0860_0026_0003_0067_0067.jpg 1 26 3 67 67
0861_0030_0006_0062_0062.jpg 1 30 6 62 62
0862_0014_0013_0044_0044.jpg 1 14 13 44 44
0863_0014_0015_0030_0030.jpg 1 14 15 30 30
0864_0033_0008_0062_0062.jpg 1 33 8 62 62
0865_0019_0032_0049_0049.jpg 1 19 32 49 49
0866_0020_0019_0065_0065.jpg 1 20 19 65 65
0867_0037_0009_0036_0036.jpg 1 37 9 36 36
0868_0031_0009_0061_0061.jpg 1 31 9 61 61
0869_0023_0028_0048_0048.jpg 1 23 28 48 48
0870_0009_0034_0048_0048.jpg 1 9 34 48 48
0871_0023_0006_0067_0067.jpg 1 23 6 67 67
0872_0047_0026_0041_0041.jpg 1 47 26 41 41
0873_0037_0036_0046_0046.jpg 1 37 36 46 46
0874_0033_0026_0047_0047.jpg 1 33 26 47 47
0875_0017_0015_0047_0047.jpg 1 17 15 47 47
0876_0029_0033_0028_0028.jpg 1 29 33 28 28
0877_0037_0009_0029_0029.jpg 1 37 9 29 29
0878_0016_0006_0039_0039.jpg 1 16 6 39 39
0879_0006_0005_0065_0065.jpg 1 6 5 65 65
0880_0018_0035_0055_0055.jpg 1 18 35 55 55
0881_0037_0013_0056_0056.jpg 1 37 13 56 56
0882_0024_0028_0050_0050.jpg 1 24 28 50 50
0883_0037_0041_0053_0053.jpg 1 37 41 53 53
0884_0013_0013_0067_0067.jpg 1 13 13 67 67
0885_0026_0022_0030_0030.jpg 1 26 22 30 30
0886_0034_0027_0047_0047.jpg 1 34 27 47 47
0887_0011_0027_0064_0064.jpg 1 11 27 64 64
0888_0031_0022_0037_0037.jpg 1 31 22 37 37
0889_0037_0032_0048_0048.jpg 1 37 32 48 48
0890_0027_0022_0064_0064.jpg 1 27 22 64 64
0891_0033_0026_0051_0051.jpg 1 33 26 51 51
0892_0014_0007_0055_0055.jpg 1 14 7 55 55
0893_0028_0011_0056_0056.jpg 1 28 11 56 56
0894_0057_0055_0029_0029.jpg 1 57 55 29 29
0895_0022_0007_0056_0056.jpg 1 22 7 56 56
0896_0015_0031_0039_0039.jpg 1 15 31 39 39
0897_0057_0048_0033_0033.jpg 1 57 48 33 33
0898_0008_0008_0068_0068.jpg 1 8 8 68 68
0899_0031_0013_0053_0053.jpg 1 31 13 53 53
0900_0009_0020_0059_0059.jpg 1 9 20 59 59
0901_0010_0015_0064_0064.jpg 1 10 15 64 64
0902_0005_0047_0047_0047.jpg 1 5 47 47 47
0903_0020_0027_0024_0024.jpg 1 20 27 24 24
0904_0030_0016_0056_0056.jpg 1 30 16 56 56
0905_0014_0026_0060_0060.jpg 1 14 26 60 60
0906_0027_0012_0047_0047.jpg 1 27 12 47 47
0907_0041_0060_0024_0024.jpg 1 41 60 24 24
0908_0011_0016_0059_0059.jpg 1 11 16 59 59
0909_0021_0047_0045_0045.jpg 1 21 47 45 45
0910_0063_0020_0024_0024.jpg 1 63 20 24 24
0911_0036_0029_0033_0033.jpg 1 36 29 33 33
0912_0042_0047_0040_0040.jpg 1 42 47 40 40
0913_0051_0015_0042_0042.jpg 1 51 15 42 42
0914_0020_0025_0027_0027.jpg 1 20 25 27 27
0915_0025_0009_0063_0063.jpg 1 25 9 63 63
0916_0029_0056_0032_0032.jpg 1 29 56 32 32
0917_0028_0010_0058_0058.jpg 1 28 10 58 58
0918_0028_0043_0046_0046.jpg 1 28 43 46 46
0919_0011_0043_0034_0034.jpg 1 11 43 34 34
0920_0011_0049_0038_0038.jpg 1 11 49 38 38
0921_0032_0034_0059_0059.jpg 1 32 34 59 59
0922_0049_0013_0035_0035.jpg 1 49 13 35 35
0923_0020_0026_0041_0041.jpg 1 20 26 41 41
0924_0057_0022_0030_0030.jpg 1 57 22 30 30
0925_0030_0013_0060_0060.jpg 1 30 13 60 60
0926_0010_0051_0037_0037.jpg 1 10 51 37 37
0927_0048_0049_0045_0045.jpg 1 48 49 45 45
0928_0018_0043_0042_0042.jpg 1 18 43 42 42
0929_0011_0037_0046_0046.jpg 1 11 37 46 46
0930_0047_0011_0025_0025.jpg 1 47 11 25 25
0931_0035_0009_0053_0053.jpg 1 35 9 53 53
0932_0058_0056_0027_0027.jpg 1 58 56 27 27
0933_0017_0031_0057_0057.jpg 1 17 31 57 57
0934_0031_0010_0025_0025.jpg 1 31 10 25 25
0935_0049_0022_0031_0031.jpg 1 49 22 31 31
0936_0004_0020_0068_0068.jpg 1 4 20 68 68
0937_0026_0046_0037_0037.jpg 1 26 46 37 37
0938_0036_0044_0049_0049.jpg 1 36 44 49 49
0939_0036_0016_0027_0027.jpg 1 36 16 27 27
0940_0027_0042_0040_0040.jpg 1 27 42 40 40
0941_0027_0020_0065_0065.jpg 1 27 20 65 65
0942_0021_0030_0066_0066.jpg 1 21 30 66 66
0943_0022_0012_0029_0029.jpg 1 22 12 29 29
0944_0012_0009_0064_0064.jpg 1 12 9 64 64
0945_0015_0027_0069_0069.jpg 1 15 27 69 69
0946_0048_0044_0028_0028.jpg 1 48 44 28 28
0947_0022_0019_0060_0060.jpg 1 22 19 60 60
0948_0017_0007_0053_0053.jpg 1 17 7 53 53
0949_0019_0013_0047_0047.jpg 1 19 13 47 47
0950_0021_0009_0057_0057.jpg 1 21 9 57 57
0951_0037_0012_0055_0055.jpg 1 37 12 55 55
0952_0009_0041_0033_0033.jpg 1 9 41 33 33
0953_0047_0029_0025_0025.jpg 1 47 29 25 25
0954_0017_0007_0057_0057.jpg 1 17 7 57 57
0955_0013_0011_0063_0063.jpg 1 13 11 63 63
0956_0019_0022_0065_0065.jpg 1 19 22 65 65
0957_0015_0033_0054_0054.jpg 1 15 33 54 54
0958_0036_0013_0051_0051.jpg 1 36 13 51 51
0959_0011_0030_0041_0041.jpg 1 11 30 41 41
0960_0036_0011_0027_0027.jpg 1 36 11 27 27
0961_0015_0012_0069_0069.jpg 1 15 12 69 69
0962_0030_0014_0065_0065.jpg 1 30 14 65 65
0963_0020_0047_0040_0040.jpg 1 20 47 40 40
0964_0028_0012_0053_0053.jpg 1 28 12 53 53
0965_0030_0034_0039_0039.jpg 1 30 34 39 39
0966_0050_0058_0034_0034.jpg 1 50 58 34 34
0967_0020_0019_0025_0025.jpg 1 20 19 25 25
0968_0014_0022_0058_0058.jpg 1 14 22 58 58
0969_0007_0031_0055_0055.jpg 1 7 31 55 55
0970_0012_0010_0049_0049.jpg 1 12 10 49 49
0971_0042_0058_0030_0030.jpg 1 42 58 30 30
0972_0033_0015_0056_0056.jpg 1 33 15 56 56
0973_0037_0007_0038_0038.jpg 1 37 7 38 38
0974_0012_0005_0059_0059.jpg 1 12 5 59 59
0975_0048_0043_0043_0043.jpg 1 48 43 43 43
0976_0036_0019_0038_0038.jpg 1 36 19 38 38
0977_0048_0061_0025_0025.jpg 1 48 61 25 25
0978_0030_0024_0050_0050.jpg 1 30 24 50 50
0979_0031_0036_0058_0058.jpg 1 31 36 58 58
0980_0036_0024_0041_0041.jpg 1 36 24 41 41
0981_0014_0030_0060_0060.jpg 1 14 30 60 60
0982_0052_0052_0033_0033.jpg 1 52 52 33 33
0983_0041_0041_0027_0027.jpg 1 41 41 27 27
0984_0042_0025_0047_0047.jpg 1 42 25 47 47
0985_0026_0010_0031_0031.jpg 1 26 10 31 31
0986_0055_0052_0030_0030.jpg 1 55 52 30 30
0987_0041_0034_0053_0053.jpg 1 41 34 53 53
0988_0006_0009_0063_0063.jpg 1 6 9 63 63
0989_0050_0037_0024_0024.jpg 1 50 37 24 24
0990_0017_0049_0045_0045.jpg 1 17 49 45 45
0991_0015_0030_0052_0052.jpg 1 15 30 52 52
0992_0033_0035_0057_0057.jpg 1 33 35 57 57
0993_0023_0028_0061_0061.jpg 1 23 28 61 61
0994_0060_0025_0025_0025.jpg 1 60 25 25 25
0995_0028_0019_0060_0060.jpg 1 28 19 60 60
0996_0012_0008_0041_0041.jpg 1 12 8 41 41
0997_0031_0051_0029_0029.jpg 1 31 51 29 29
0998_0019_0017_0054_0054.jpg 1 19 17 54 54
0999_0012_0011_0044_0044.jpg 1 12 11 44 44
1000_0026_0043_0048_0048.jpg 1 26 43 48 48
1001_0014_0053_0031_0031.jpg 1 14 53 31 31
1002_0015_0029_0048_0048.jpg 1 15 29 48 48
1003_0044_0022_0038_0038.jpg 1 44 22 38 38
1004_0047_0029_0032_0032.jpg 1 47 29 32 32
1005_0013_0030_0033_0033.jpg 1 13 30 33 33
1006_0015_0041_0027_0027.jpg 1 15 41 27 27
1007_0023_0029_0055_0055.jpg 1 23 29 55 55
1008_0058_0048_0030_0030.jpg 1 58 48 30 30
1009_0033_0037_0053_0053.jpg 1 33 37 53 53
1010_0038_0048_0046_0046.jpg 1 38 48 46 46
1011_0008_0043_0027_0027.jpg 1 8 43 27 27
1012_0007_0050_0025_0025.jpg 1 7 50 25 25
1013_0022_0015_0068_0068.jpg 1 22 15 68 68
1014_0035_0031_0029_0029.jpg 1 35 31 29 29
1015_0020_0028_0054_0054.jpg 1 20 28 54 54
1016_0040_0016_0049_0049.jpg 1 40 16 49 49
1017_0008_0020_0055_0055.jpg 1 8 20 55 55
1018_0019_0017_0063_0063.jpg 1 19 17 63 63
1019_0028_0058_0028_0028.jpg 1 28 58 28 28
1020_0020_0029_0049_0049.jpg 1 20 29 49 49
1021_0013_0046_0045_0045.jpg 1 13 46 45 45
1022_0027_0009_0047_0047.jpg 1 27 9 47 47
1023_0041_0033_0050_0050.jpg 1 41 33 50 50
1024_0050_0033_0041_0041.jpg 1 50 33 41 41
1025_0014_0048_0026_0026.jpg 1 14 48 26 26
1026_0019_0003_0069_0069.jpg 1 19 3 69 69
1027_0037_0047_0037_0037.jpg 1 37 47 37 37
1028_0027_0018_0068_0068.jpg 1 27 18 68 68
1029_0019_0043_0039_0039.jpg 1 19 43 39 39
1030_0033_0045_0046_0046.jpg 1 33 45 46 46
1031_0032_0008_0042_0042.jpg 1 32 8 42 42
1032_0043_0046_0037_0037.jpg 1 43 46 37 37
1033_0009_0033_0053_0053.jpg 1 9 33 53 53
1034_0029_0029_0046_0046.jpg 1 29 29 46 46
1035_0029_0035_0056_0056.jpg 1 29 35 56 56
1036_0048_0045_0039_0039.jpg 1 48 45 39 39
1037_0007_0028_0040_0040.jpg 1 7 28 40 40
1038_0007_0015_0064_0064.jpg 1 7 15 64 64
1039_0019_0031_0055_0055.jpg 1 19 31 55 55
1040_0008_0034_0037_0037.jpg 1 8 34 37 37
1041_0043_0015_0047_0047.jpg 1 43 15 47 47
1042_0035_0008_0051_0051.jpg 1 35 8 51 51
1043_0025_0037_0046_0046.jpg 1 25 37 46 46
1044_0014_0025_0063_0063.jpg 1 14 25 63 63
1045_0030_0020_0055_0055.jpg 1 30 20 55 55
1046_0047_0036_0045_0045.jpg 1 47 36 45 45
1047_0016_0041_0035_0035.jpg 1 16 41 35 35
1048_0030_0047_0030_0030.jpg 1 30 47 30 30
1049_0003_0017_0067_0067.jpg 1 3 17 67 67
1050_0016_0016_0062_0062.jpg 1 16 16 62 62
1051_0047_0016_0045_0045.jpg 1 47 16 45 45
1052_0031_0020_0037_0037.jpg 1 31 20 37 37
1053_0030_0049_0036_0036.jpg 1 30 49 36 36
1054_0014_0044_0028_0028.jpg 1 14 44 28 28
1055_0022_0018_0034_0034.jpg 1 22 18 34 34
1056_0023_0040_0042_0042.jpg 1 23 40 42 42
1057_0045_0051_0038_0038.jpg 1 45 51 38 38
1058_0017_0019_0054_0054.jpg 1 17 19 54 54
1059_0016_0014_0060_0060.jpg 1 16 14 60 60
1060_0024_0026_0033_0033.jpg 1 24 26 33 33
1061_0020_0023_0031_0031.jpg 1 20 23 31 31
1062_0044_0023_0048_0048.jpg 1 44 23 48 48
1063_0023_0014_0064_0064.jpg 1 23 14 64 64
1064_0026_0005_0065_0065.jpg 1 26 5 65 65
1065_0031_0013_0027_0027.jpg 1 31 13 27 27
1066_0007_0024_0065_0065.jpg 1 7 24 65 65
1067_0016_0013_0069_0069.jpg 1 16 13 69 69
1068_0021_0039_0054_0054.jpg 1 21 39 54 54
1069_0039_0050_0024_0024.jpg 1 39 50 24 24
1070_0006_0007_0056_0056.jpg 1 6 7 56 56
1071_0047_0065_0026_0026.jpg 1 47 65 26 26
1072_0010_0013_0059_0059.jpg 1 10 13 59 59
1073_0036_0058_0034_0034.jpg 1 36 58 34 34
1074_0008_0013_0028_0028.jpg 1 8 13 28 28
1075_0033_0009_0054_0054.jpg 1 33 9 54 54
1076_0026_0008_0057_0057.jpg 1 26 8 57 57
1077_0009_0024_0051_0051.jpg 1 9 24 51 51
1078_0012_0006_0048_0048.jpg 1 12 6 48 48
1079_0030_0016_0063_0063.jpg 1 30 16 63 63
1080_0019_0033_0051_0051.jpg 1 19 33 51 51
1081_0013_0010_0057_0057.jpg 1 13 10 57 57
1082_0028_0019_0054_0054.jpg 1 28 19 54 54
1083_0052_0013_0040_0040.jpg 1 52 13 40 40
1084_0013_0012_0026_0026.jpg 1 13 12 26 26
1085_0035_0006_0058_0058.jpg 1 35 6 58 58
1086_0030_0019_0061_0061.jpg 1 30 19 61 61
1087_0029_0024_0066_0066.jpg 1 29 24 66 66
1088_0030_0006_0047_0047.jpg 1 30 6 47 47
1089_0012_0022_0053_0053.jpg 1 12 22 53 53
1090_0052_0008_0025_0025.jpg 1 52 8 25 25
1091_0009_0027_0045_0045.jpg 1 9 27 45 45
1092_0031_0023_0027_0027.jpg 1 31 23 27 27
1093_0024_0005_0061_0061.jpg 1 24 5 61 61
1094_0014_0050_0038_0038.jpg 1 14 50 38 38
1095_0023_0018_0057_0057.jpg 1 23 18 57 57
1096_0032_0046_0039_0039.jpg 1 32 46 39 39
1097_0014_0040_0044_0044.jpg 1 14 40 44 44
1098_0016_0011_0025_0025.jpg 1 16 11 25 25
1099_0038_0024_0049_0049.jpg 1 38 24 49 49
1100_0026_0011_0031_0031.jpg 1 26 11 31 31
1101_0014_0016_0027_0027.jpg 1 14 16 27 27
1102_0016_0018_0025_0025.jpg 1 16 18 25 25
1103_0041_0021_0025_0025.jpg 1 41 21 25 25
1104_0034_0040_0051_0051.jpg 1 34 40 51 51
1105_0045_0027_0036_0036.jpg 1 45 27 36 36
1106_0005_0015_0052_0052.jpg 1 5 15 52 52
1107_0056_0044_0035_0035.jpg 1 56 44 35 35
1108_0013_0038_0040_0040.jpg 1 13 38 40 40
1109_0030_0032_0051_0051.jpg 1 30 32 51 51
1110_0041_0027_0047_0047.jpg 1 41 27 47 47
1111_0014_0015_0048_0048.jpg 1 14 15 48 48
1112_0046_0028_0033_0033.jpg 1 46 28 33 33
1113_0013_0021_0045_0045.jpg 1 13 21 45 45
1114_0061_0011_0028_0028.jpg 1 61 11 28 28
1115_0037_0006_0051_0051.jpg 1 37 6 51 51
1116_0060_0058_0025_0025.jpg 1 60 58 25 25
1117_0010_0025_0038_0038.jpg 1 10 25 38 38
1118_0035_0035_0029_0029.jpg 1 35 35 29 29
1119_0017_0012_0032_0032.jpg 1 17 12 32 32
1120_0045_0009_0044_0044.jpg 1 45 9 44 44
1121_0006_0019_0067_0067.jpg 1 6 19 67 67
1122_0048_0022_0030_0030.jpg 1 48 22 30 30
1123_0018_0005_0060_0060.jpg 1 18 5 60 60
1124_0025_0012_0024_0024.jpg 1 25 12 24 24
1125_0041_0026_0039_0039.jpg 1 41 26 39 39
1126_0018_0023_0068_0068.jpg 1 18 23 68 68
1127_0031_0019_0050_0050.jpg 1 31 19 50 50
1128_0007_0013_0044_0044.jpg 1 7 13 44 44
1129_0049_0044_0038_0038.jpg 1 49 44 38 38
1130_0004_0009_0065_0065.jpg 1 4 9 65 65
1131_0023_0047_0040_0040.jpg 1 23 47 40 40
1132_0041_0038_0052_0052.jpg 1 41 38 52 52
1133_0026_0003_0064_0064.jpg 1 26 3 64 64
1134_0026_0030_0063_0063.jpg 1 26 30 63 63
1135_0015_0045_0037_0037.jpg 1 15 45 37 37
1136_0034_0007_0059_0059.jpg 1 34 7 59 59
1137_0034_0034_0038_0038.jpg 1 34 34 38 38
1138_0013_0015_0068_0068.jpg 1 13 15 68 68
1139_0028_0027_0066_0066.jpg 1 28 27 66 66
1140_0029_0016_0062_0062.jpg 1 29 16 62 62
1141_0054_0051_0025_0025.jpg 1 54 51 25 25
1142_0031_0020_0051_0051.jpg 1 31 20 51 51
1143_0037_0026_0032_0032.jpg 1 37 26 32 32
1144_0005_0038_0052_0052.jpg 1 5 38 52 52
1145_0020_0006_0039_0039.jpg 1 20 6 39 39
1146_0023_0026_0042_0042.jpg 1 23 26 42 42
1147_0024_0013_0068_0068.jpg 1 24 13 68 68
1148_0034_0022_0057_0057.jpg 1 34 22 57 57
1149_0044_0014_0039_0039.jpg 1 44 14 39 39
1150_0020_0013_0069_0069.jpg 1 20 13 69 69
1151_0024_0020_0027_0027.jpg 1 24 20 27 27
1152_0014_0063_0027_0027.jpg 1 14 63 27 27
1153_0007_0027_0064_0064.jpg 1 7 27 64 64
1154_0018_0007_0053_0053.jpg 1 18 7 53 53
1155_0047_0014_0036_0036.jpg 1 47 14 36 36
1156_0034_0033_0042_0042.jpg 1 34 33 42 42
1157_0019_0010_0049_0049.jpg 1 19 10 49 49
1158_0012_0018_0053_0053.jpg 1 12 18 53 53
1159_0042_0018_0041_0041.jpg 1 42 18 41 41
1160_0021_0032_0059_0059.jpg 1 21 32 59 59
1161_0059_0007_0033_0033.jpg 1 59 7 33 33
1162_0018_0029_0064_0064.jpg 1 18 29 64 64
1163_0031_0034_0058_0058.jpg 1 31 34 58 58
1164_0006_0036_0055_0055.jpg 1 6 36 55 55
1165_0008_0005_0067_0067.jpg 1 8 5 67 67
1166_0042_0034_0024_0024.jpg 1 42 34 24 24
1167_0054_0008_0037_0037.jpg 1 54 8 37 37
1168_0037_0018_0055_0055.jpg 1 37 18 55 55
1169_0063_0027_0026_0026.jpg 1 63 27 26 26
1170_0013_0023_0050_0050.jpg 1 13 23 50 50
1171_0011_0025_0055_0055.jpg 1 11 25 55 55
1172_0043_0025_0044_0044.jpg 1 43 25 44 44
1173_0008_0046_0047_0047.jpg 1 8 46 47 47
1174_0009_0038_0046_0046.jpg 1 9 38 46 46
1175_0031_0015_0050_0050.jpg 1 31 15 50 50
1176_0018_0014_0059_0059.jpg 1 18 14 59 59
1177_0009_0009_0063_0063.jpg 1 9 9 63 63
1178_0043_0028_0045_0045.jpg 1 43 28 45 45
1179_0013_0017_0058_0058.jpg 1 13 17 58 58
1180_0037_0004_0052_0052.jpg 1 37 4 52 52
1181_0029_0035_0056_0056.jpg 1 29 35 56 56
1182_0027_0009_0067_0067.jpg 1 27 9 67 67
1183_0008_0056_0025_0025.jpg 1 8 56 25 25
1184_0036_0024_0053_0053.jpg 1 36 24 53 53
1185_0034_0040_0055_0055.jpg 1 34 40 55 55
1186_0022_0020_0045_0045.jpg 1 22 20 45 45
1187_0005_0028_0061_0061.jpg 1 5 28 61 61
1188_0031_0011_0034_0034.jpg 1 31 11 34 34
1189_0016_0029_0048_0048.jpg 1 16 29 48 48
1190_0029_0037_0029_0029.jpg 1 29 37 29 29
1191_0012_0004_0068_0068.jpg 1 12 4 68 68
1192_0032_0048_0028_0028.jpg 1 32 48 28 28
1193_0034_0022_0039_0039.jpg 1 34 22 39 39
1194_0010_0011_0062_0062.jpg 1 10 11 62 62
1195_0051_0023_0036_0036.jpg 1 51 23 36 36
1196_0021_0031_0055_0055.jpg 1 21 31 55 55
1197_0024_0017_0050_0050.jpg 1 24 17 50 50
1198_0026_0024_0057_0057.jpg 1 26 24 57 57
1199_0015_0019_0059_0059.jpg 1 15 19 59 59
1200_0030_0012_0064_0064.jpg 1 30 12 64 64
1201_0009_0009_0055_0055.jpg 1 9 9 55 55
1202_0024_0046_0037_0037.jpg 1 24 46 37 37
1203_0006_0019_0045_0045.jpg 1 6 19 45 45
1204_0048_0038_0027_0027.jpg 1 48 38 27 27
1205_0017_0015_0027_0027.jpg 1 17 15 27 27
1206_0046_0017_0044_0044.jpg 1 46 17 44 44
1207_0018_0016_0061_0061.jpg 1 18 16 61 61
1208_0037_0020_0046_0046.jpg 1 37 20 46 46
1209_0018_0008_0042_0042.jpg 1 18 8 42 42
1210_0020_0024_0054_0054.jpg 1 20 24 54 54
1211_0014_0036_0045_0045.jpg 1 14 36 45 45
1212_0033_0027_0058_0058.jpg 1 33 27 58 58
1213_0027_0025_0051_0051.jpg 1 27 25 51 51
1214_0012_0040_0030_0030.jpg 1 12 40 30 30
1215_0024_0012_0063_0063.jpg 1 24 12 63 63
1216_0051_0027_0031_0031.jpg 1 51 27 31 31
1217_0042_0039_0049_0049.jpg 1 42 39 49 49
1218_0012_0021_0038_0038.jpg 1 12 21 38 38
1219_0010_0038_0035_0035.jpg 1 10 38 35 35
1220_0013_0029_0063_0063.jpg 1 13 29 63 63
1221_0022_0035_0052_0052.jpg 1 22 35 52 52
1222_0046_0010_0032_0032.jpg 1 46 10 32 32
1223_0023_0003_0067_0067.jpg 1 23 3 67 67
1224_0060_0032_0025_0025.jpg 1 60 32 25 25
1225_0041_0023_0027_0027.jpg 1 41 23 27 27
1226_0013_0023_0038_0038.jpg 1 13 23 38 38
1227_0032_0034_0048_0048.jpg 1 32 34 48 48
1228_0046_0008_0024_0024.jpg 1 46 8 24 24
1229_0031_0053_0031_0031.jpg 1 31 53 31 31
1230_0019_0008_0031_0031.jpg 1 19 8 31 31
1231_0007_0017_0054_0054.jpg 1 7 17 54 54
1232_0039_0040_0050_0050.jpg 1 39 40 50 50
1233_0006_0034_0051_0051.jpg 1 6 34 51 51
1234_0049_0054_0033_0033.jpg 1 49 54 33 33
1235_0022_0015_0055_0055.jpg 1 22 15 55 55
1236_0012_0012_0067_0067.jpg 1 12 12 67 67
1237_0032_0023_0039_0039.jpg 1 32 23 39 39
1238_0018_0024_0036_0036.jpg 1 18 24 36 36
1239_0010_0006_0066_0066.jpg 1 10 6 66 66
1240_0032_0033_0059_0059.jpg 1 32 33 59 59
1241_0041_0039_0041_0041.jpg 1 41 39 41 41
1242_0012_0009_0043_0043.jpg 1 12 9 43 43
1243_0028_0009_0060_0060.jpg 1 28 9 60 60
1244_0037_0031_0058_0058.jpg 1 37 31 58 58
1245_0038_0033_0054_0054.jpg 1 38 33 54 54
1246_0025_0024_0062_0062.jpg 1 25 24 62 62
1247_0037_0008_0034_0034.jpg 1 37 8 34 34
1248_0012_0019_0059_0059.jpg 1 12 19 59 59
1249_0046_0043_0037_0037.jpg 1 46 43 37 37
1250_0030_0012_0060_0060.jpg 1 30 12 60 60
1251_0024_0014_0058_0058.jpg 1 24 14 58 58
1252_0019_0028_0052_0052.jpg 1 19 28 52 52
1253_0032_0018_0061_0061.jpg 1 32 18 61 61
1254_0048_0019_0033_0033.jpg 1 48 19 33 33
1255_0007_0037_0034_0034.jpg 1 7 37 34 34
1256_0022_0007_0069_0069.jpg 1 22 7 69 69
1257_0021_0012_0062_0062.jpg 1 21 12 62 62
1258_0019_0034_0031_0031.jpg 1 19 34 31 31
1259_0040_0026_0041_0041.jpg 1 40 26 41 41
1260_0054_0034_0038_0038.jpg 1 54 34 38 38
1261_0036_0037_0030_0030.jpg 1 36 37 30 30
1262_0057_0043_0036_0036.jpg 1 57 43 36 36
1263_0022_0017_0044_0044.jpg 1 22 17 44 44
1264_0024_0010_0065_0065.jpg 1 24 10 65 65
1265_0028_0043_0027_0027.jpg 1 28 43 27 27
1266_0041_0031_0049_0049.jpg 1 41 31 49 49
1267_0017_0040_0055_0055.jpg 1 17 40 55 55
1268_0018_0024_0026_0026.jpg 1 18 24 26 26
1269_0012_0058_0027_0027.jpg 1 12 58 27 27
1270_0005_0039_0046_0046.jpg 1 5 39 46 46
1271_0047_0021_0031_0031.jpg 1 47 21 31 31
1272_0005_0017_0064_0064.jpg 1 5 17 64 64
1273_0037_0041_0035_0035.jpg 1 37 41 35 35
1274_0041_0016_0039_0039.jpg 1 41 16 39 39
1275_0025_0013_0065_0065.jpg 1 25 13 65 65
1276_0012_0010_0047_0047.jpg 1 12 10 47 47
1277_0009_0032_0030_0030.jpg 1 9 32 30 30
1278_0025_0038_0033_0033.jpg 1 25 38 33 33
1279_0027_0025_0055_0055.jpg 1 27 25 55 55
1280_0041_0028_0038_0038.jpg 1 41 28 38 38
1281_0016_0014_0063_0063.jpg 1 16 14 63 63
1282_0057_0037_0031_0031.jpg 1 57 37 31 31
1283_0020_0030_0064_0064.jpg 1 20 30 64 64
1284_0003_0006_0066_0066.jpg 1 3 6 66 66
1285_0043_0039_0040_0040.jpg 1 43 39 40 40
1286_0019_0040_0053_0053.jpg 1 19 40 53 53
1287_0035_0006_0058_0058.jpg 1 35 6 58 58
1288_0032_0018_0041_0041.jpg 1 32 18 41 41
1289_0014_0006_0046_0046.jpg 1 14 6 46 46
1290_0053_0023_0024_0024.jpg 1 53 23 24 24
1291_0034_0038_0052_0052.jpg 1 34 38 52 52
1292_0024_0005_0056_0056.jpg 1 24 5 56 56
1293_0050_0019_0026_0026.jpg 1 50 19 26 26
1294_0048_0059_0032_0032.jpg 1 48 59 32 32
1295_0038_0042_0039_0039.jpg 1 38 42 39 39
1296_0046_0010_0042_0042.jpg 1 46 10 42 42
1297_0027_0036_0048_0048.jpg 1 27 36 48 48
1298_0024_0025_0067_0067.jpg 1 24 25 67 67
1299_0016_0051_0031_0031.jpg 1 16 51 31 31
1300_0017_0010_0057_0057.jpg 1 17 10 57 57
1301_0066_0054_0025_0025.jpg 1 66 54 25 25
1302_0024_0012_0061_0061.jpg 1 24 12 61 61
1303_0016_0011_0065_0065.jpg 1 16 11 65 65
1304_0006_0033_0043_0043.jpg 1 6 33 43 43
1305_0016_0047_0040_0040.jpg 1 16 47 40 40
1306_0050_0031_0028_0028.jpg 1 50 31 28 28
1307_0040_0032_0032_0032.jpg 1 40 32 32 32
1308_0038_0051_0036_0036.jpg 1 38 51 36 36
1309_0030_0043_0048_0048.jpg 1 30 43 48 48
1310_0036_0035_0053_0053.jpg 1 36 35 53 53
1311_0024_0038_0032_0032.jpg 1 24 38 32 32
1312_0033_0011_0046_0046.jpg 1 33 11 46 46
1313_0015_0016_0069_0069.jpg 1 15 16 69 69
1314_0015_0022_0052_0052.jpg 1 15 22 52 52
1315_0022_0015_0062_0062.jpg 1 22 15 62 62
1316_0042_0006_0042_0042.jpg 1 42 6 42 42
1317_0008_0057_0033_0033.jpg 1 8 57 33 33
1318_0025_0014_0056_0056.jpg 1 25 14 56 56
1319_0016_0023_0068_0068.jpg 1 16 23 68 68
1320_0061_0054_0028_0028.jpg 1 61 54 28 28
1321_0037_0049_0042_0042.jpg 1 37 49 42 42
1322_0027_0020_0060_0060.jpg 1 27 20 60 60
1323_0021_0058_0025_0025.jpg 1 21 58 25 25
1324_0017_0049_0029_0029.jpg 1 17 49 29 29
1325_0028_0026_0050_0050.jpg 1 28 26 50 50
1326_0014_0005_0060_0060.jpg 1 14 5 60 60
1327_0057_0011_0031_0031.jpg 1 57 11 31 31
1328_0015_0009_0030_0030.jpg 1 15 9 30 30
1329_0050_0026_0042_0042.jpg 1 50 26 42 42
1330_0044_0033_0026_0026.jpg 1 44 33 26 26
1331_0023_0008_0041_0041.jpg 1 23 8 41 41
1332_0007_0028_0026_0026.jpg 1 7 28 26 26
1333_0028_0021_0060_0060.jpg 1 28 21 60 60
1334_0008_0017_0069_0069.jpg 1 8 17 69 69
1335_0022_0006_0063_0063.jpg 1 22 6 63 63
1336_0050_0043_0034_0034.jpg 1 50 43 34 34
1337_0048_0032_0027_0027.jpg 1 48 32 27 27
1338_0049_0064_0026_0026.jpg 1 49 64 26 26
1339_0033_0006_0060_0060.jpg 1 33 6 60 60
1340_0011_0017_0061_0061.jpg 1 11 17 61 61
1341_0030_0035_0025_0025.jpg 1 30 35 25 25
1342_0033_0027_0044_0044.jpg 1 33 27 44 44
1343_0039_0047_0038_0038.jpg 1 39 47 38 38
1344_0013_0045_0033_0033.jpg 1 13 45 33 33
1345_0044_0034_0034_0034.jpg 1 44 34 34 34
1346_0053_0012_0036_0036.jpg 1 53 12 36 36
1347_0023_0028_0058_0058.jpg 1 23 28 58 58
1348_0031_0014_0063_0063.jpg 1 31 14 63 63
1349_0035_0045_0029_0029.jpg 1 35 45 29 29
1350_0033_0023_0029_0029.jpg 1 33 23 29 29
1351_0059_0027_0030_0030.jpg 1 59 27 30 30
1352_0056_0053_0034_0034.jpg 1 56 53 34 34
1353_0004_0025_0064_0064.jpg 1 4 25 64 64
1354_0045_0012_0041_0041.jpg 1 45 12 41 41
1355_0059_0009_0027_0027.jpg 1 59 9 27 27
1356_0003_0005_0062_0062.jpg 1 3 5 62 62
1357_0026_0021_0051_0051.jpg 1 26 21 51 51
1358_0027_0010_0066_0066.jpg 1 27 10 66 66
1359_0021_0058_0027_0027.jpg 1 21 58 27 27
1360_0037_0040_0049_0049.jpg 1 37 40 49 49
1361_0012_0024_0040_0040.jpg 1 12 24 40 40
1362_0052_0016_0027_0027.jpg 1 52 16 27 27
1363_0034_0012_0048_0048.jpg 1 34 12 48 48
1364_0015_0014_0067_0067.jpg 1 15 14 67 67
1365_0038_0026_0046_0046.jpg 1 38 26 46 46
1366_0005_0017_0069_0069.jpg 1 5 17 69 69
1367_0020_0044_0045_0045.jpg 1 20 44 45 45
1368_0039_0044_0037_0037.jpg 1 39 44 37 37
1369_0011_0030_0054_0054.jpg 1 11 30 54 54
1370_0023_0007_0035_0035.jpg 1 23 7 35 35
1371_0021_0004_0065_0065.jpg 1 21 4 65 65
1372_0029_0043_0025_0025.jpg 1 29 43 25 25
1373_0004_0008_0059_0059.jpg 1 4 8 59 59
1374_0025_0023_0024_0024.jpg 1 25 23 24 24
1375_0039_0006_0049_0049.jpg 1 39 6 49 49
1376_0008_0045_0029_0029.jpg 1 8 45 29 29
1377_0021_0052_0025_0025.jpg 1 21 52 25 25
1378_0007_0003_0069_0069.jpg 1 7 3 69 69
1379_0017_0013_0069_0069.jpg 1 17 13 69 69
1380_0010_0011_0038_0038.jpg 1 10 11 38 38
1381_0032_0007_0059_0059.jpg 1 32 7 59 59
1382_0010_0014_0062_0062.jpg 1 10 14 62 62
1383_0029_0025_0065_0065.jpg 1 29 25 65 65
1384_0047_0022_0047_0047.jpg 1 47 22 47 47
1385_0017_0021_0029_0029.jpg 1 17 21 29 29
1386_0010_0020_0066_0066.jpg 1 10 20 66 66
1387_0031_0005_0055_0055.jpg 1 31 5 55 55
1388_0017_0013_0062_0062.jpg 1 17 13 62 62
1389_0040_0017_0045_0045.jpg 1 40 17 45 45
1390_0030_0028_0030_0030.jpg 1 30 28 30 30
1391_0040_0044_0046_0046.jpg 1 40 44 46 46
1392_0034_0022_0038_0038.jpg 1 34 22 38 38
1393_0044_0032_0047_0047.jpg 1 44 32 47 47
1394_0005_0020_0064_0064.jpg 1 5 20 64 64
1395_0023_0032_0029_0029.jpg 1 23 32 29 29
1396_0009_0006_0064_0064.jpg 1 9 6 64 64
1397_0007_0035_0036_0036.jpg 1 7 35 36 36
1398_0040_0038_0028_0028.jpg 1 40 38 28 28
1399_0058_0011_0028_0028.jpg 1 58 11 28 28
1400_0024_0022_0037_0037.jpg 1 24 22 37 37
1401_0057_0041_0024_0024.jpg 1 57 41 24 24
1402_0020_0017_0064_0064.jpg 1 20 17 64 64
1403_0024_0044_0047_0047.jpg 1 24 44 47 47
1404_0051_0051_0025_0025.jpg 1 51 51 25 25
1405_0022_0038_0053_0053.jpg 1 22 38 53 53
1406_0031_0034_0032_0032.jpg 1 31 34 32 32
1407_0036_0026_0052_0052.jpg 1 36 26 52 52
1408_0036_0030_0054_0054.jpg 1 36 30 54 54
1409_0019_0033_0037_0037.jpg 1 19 33 37 37
1410_0038_0039_0047_0047.jpg 1 38 39 47 47
1411_0050_0008_0034_0034.jpg 1 50 8 34 34
1412_0032_0018_0028_0028.jpg 1 32 18 28 28
1413_0047_0058_0029_0029.jpg 1 47 58 29 29
1414_0022_0011_0049_0049.jpg 1 22 11 49 49
1415_0033_0021_0061_0061.jpg 1 33 21 61 61
1416_0013_0011_0068_0068.jpg 1 13 11 68 68
1417_0007_0033_0052_0052.jpg 1 7 33 52 52
1418_0015_0039_0039_0039.jpg 1 15 39 39 39
1419_0055_0019_0025_0025.jpg 1 55 19 25 25
1420_0028_0017_0061_0061.jpg 1 28 17 61 61
1421_0010_0063_0024_0024.jpg 1 10 63 24 24
1422_0029_0063_0024_0024.jpg 1 29 63 24 24
1423_0015_0017_0041_0041.jpg 1 15 17 41 41
1424_0025_0019_0069_0069.jpg 1 25 19 69 69
1425_0025_0020_0026_0026.jpg 1 25 20 26 26
1426_0034_0033_0057_0057.jpg 1 34 33 57 57
1427_0049_0014_0031_0031.jpg 1 49 14 31 31
1428_0024_0041_0046_0046.jpg 1 24 41 46 46
1429_0042_0021_0047_0047.jpg 1 42 21 47 47
1430_0005_0016_0067_0067.jpg 1 5 16 67 67
1431_0057_0015_0031_0031.jpg 1 57 15 31 31
1432_0006_0027_0039_0039.jpg 1 6 27 39 39
1433_0049_0046_0045_0045.jpg 1 49 46 45 45
1434_0023_0061_0029_0029.jpg 1 23 61 29 29
1435_0026_0028_0065_0065.jpg 1 26 28 65 65
1436_0036_0026_0050_0050.jpg 1 36 26 50 50
1437_0011_0022_0066_0066.jpg 1 11 22 66 66
1438_0008_0017_0038_0038.jpg 1 8 17 38 38
1439_0020_0047_0047_0047.jpg 1 20 47 47 47
1440_0015_0008_0068_0068.jpg 1 15 8 68 68
1441_0030_0042_0041_0041.jpg 1 30 42 41 41
1442_0028_0024_0061_0061.jpg 1 28 24 61 61
1443_0029_0007_0062_0062.jpg 1 29 7 62 62
1444_0029_0037_0050_0050.jpg 1 29 37 50 50
1445_0033_0038_0051_0051.jpg 1 33 38 51 51
1446_0029_0017_0051_0051.jpg 1 29 17 51 51
1447_0032_0013_0060_0060.jpg 1 32 13 60 60
1448_0005_0026_0065_0065.jpg 1 5 26 65 65
1449_0019_0052_0029_0029.jpg 1 19 52 29 29
1450_0004_0016_0063_0063.jpg 1 4 16 63 63
1451_0014_0019_0059_0059.jpg 1 14 19 59 59
1452_0016_0037_0037_0037.jpg 1 16 37 37 37
1453_0014_0004_0063_0063.jpg 1 14 4 63 63
1454_0014_0031_0052_0052.jpg 1 14 31 52 52
1455_0050_0055_0034_0034.jpg 1 50 55 34 34
1456_0040_0032_0045_0045.jpg 1 40 32 45 45
1457_0028_0027_0037_0037.jpg 1 28 27 37 37
1458_0006_0018_0044_0044.jpg 1 6 18 44 44
1459_0019_0020_0046_0046.jpg 1 19 20 46 46
1460_0024_0011_0050_0050.jpg 1 24 11 50 50
1461_0015_0040_0032_0032.jpg 1 15 40 32 32
1462_0034_0012_0044_0044.jpg 1 34 12 44 44
1463_0013_0018_0062_0062.jpg 1 13 18 62 62
1464_0031_0046_0040_0040.jpg 1 31 46 40 40
1465_0020_0017_0068_0068.jpg 1 20 17 68 68
1466_0026_0028_0055_0055.jpg 1 26 28 55 55
1467_0015_0036_0053_0053.jpg 1 15 36 53 53
1468_0014_0008_0047_0047.jpg 1 14 8 47 47
1469_0032_0031_0038_0038.jpg 1 32 31 38 38
1470_0013_0010_0059_0059.jpg 1 13 10 59 59
1471_0038_0026_0025_0025.jpg 1 38 26 25 25
1472_0038_0042_0046_0046.jpg 1 38 42 46 46
1473_0017_0031_0062_0062.jpg 1 17 31 62 62
1474_0036_0052_0041_0041.jpg 1 36 52 41 41
1475_0015_0022_0036_0036.jpg 1 15 22 36 36
1476_0009_0032_0062_0062.jpg 1 9 32 62 62
1477_0017_0027_0049_0049.jpg 1 17 27 49 49
1478_0010_0010_0065_0065.jpg 1 10 10 65 65
1479_0052_0024_0034_0034.jpg 1 52 24 34 34
1480_0025_0028_0066_0066.jpg 1 25 28 66 66
1481_0008_0019_0056_0056.jpg 1 8 19 56 56
1482_0032_0037_0058_0058.jpg 1 32 37 58 58
1483_0008_0018_0049_0049.jpg 1 8 18 49 49
1484_0023_0004_0062_0062.jpg 1 23 4 62 62
1485_0018_0031_0059_0059.jpg 1 18 31 59 59
1486_0006_0038_0040_0040.jpg 1 6 38 40 40
1487_0029_0030_0062_0062.jpg 1 29 30 62 62
1488_0030_0019_0052_0052.jpg 1 30 19 52 52
1489_0015_0045_0043_0043.jpg 1 15 45 43 43
1490_0053_0032_0024_0024.jpg 1 53 32 24 24
1491_0015_0031_0060_0060.jpg 1 15 31 60 60
1492_0022_0042_0049_0049.jpg 1 22 42 49 49
1493_0022_0017_0060_0060.jpg 1 22 17 60 60
1494_0029_0024_0029_0029.jpg 1 29 24 29 29
1495_0029_0027_0065_0065.jpg 1 29 27 65 65
1496_0027_0020_0053_0053.jpg 1 27 20 53 53
1497_0043_0042_0036_0036.jpg 1 43 42 36 36
1498_0020_0012_0039_0039.jpg 1 20 12 39 39
1499_0045_0047_0046_0046.jpg 1 45 47 46 46
1500_0057_0017_0026_0026.jpg 1 57 17 26 26
1501_0008_0030_0062_0062.jpg 1 8 30 62 62
1502_0033_0037_0050_0050.jpg 1 33 37 50 50
1503_0029_0065_0027_0027.jpg 1 29 65 27 27
1504_0044_0031_0047_0047.jpg 1 44 31 47 47
1505_0039_0028_0054_0054.jpg 1 39 28 54 54
1506_0041_0053_0031_0031.jpg 1 41 53 31 31
1507_0030_0018_0064_0064.jpg 1 30 18 64 64
1508_0021_0013_0056_0056.jpg 1 21 13 56 56
1509_0031_0009_0056_0056.jpg 1 31 9 56 56
1510_0049_0015_0026_0026.jpg 1 49 15 26 26
1511_0040_0051_0040_0040.jpg 1 40 51 40 40
1512_0032_0054_0027_0027.jpg 1 32 54 27 27
1513_0059_0021_0030_0030.jpg 1 59 21 30 30
1514_0027_0061_0031_0031.jpg 1 27 61 31 31
1515_0030_0024_0050_0050.jpg 1 30 24 50 50
1516_0035_0026_0047_0047.jpg 1 35 26 47 47
1517_0034_0008_0056_0056.jpg 1 34 8 56 56
1518_0010_0016_0035_0035.jpg 1 10 16 35 35
1519_0017_0016_0043_0043.jpg 1 17 16 43 43
1520_0026_0033_0051_0051.jpg 1 26 33 51 51
1521_0008_0056_0028_0028.jpg 1 8 56 28 28
1522_0028_0033_0037_0037.jpg 1 28 33 37 37
1523_0006_0027_0059_0059.jpg 1 6 27 59 59
1524_0056_0061_0031_0031.jpg 1 56 61 31 31
1525_0040_0029_0030_0030.jpg 1 40 29 30 30
1526_0010_0020_0044_0044.jpg 1 10 20 44 44
1527_0012_0032_0040_0040.jpg 1 12 32 40 40
1528_0038_0010_0051_0051.jpg 1 38 10 51 51
1529_0045_0032_0047_0047.jpg 1 45 32 47 47
1530_0015_0022_0062_0062.jpg 1 15 22 62 62
1531_0004_0020_0068_0068.jpg 1 4 20 68 68
1532_0024_0021_0057_0057.jpg 1 24 21 57 57
1533_0028_0026_0035_0035.jpg 1 28 26 35 35
1534_0007_0035_0033_0033.jpg 1 7 35 33 33
1535_0024_0065_0026_0026.jpg 1 24 65 26 26
1536_0026_0031_0049_0049.jpg 1 26 31 49 49
1537_0028_0013_0057_0057.jpg 1 28 13 57 57
1538_0025_0026_0065_0065.jpg 1 25 26 65 65
1539_0044_0013_0032_0032.jpg 1 44 13 32 32
1540_0035_0028_0047_0047.jpg 1 35 28 47 47
1541_0014_0024_0052_0052.jpg 1 14 24 52 52
1542_0029_0019_0036_0036.jpg 1 29 19 36 36
1543_0025_0016_0036_0036.jpg 1 25 16 36 36
1544_0026_0009_0055_0055.jpg 1 26 9 55 55
1545_0008_0028_0050_0050.jpg 1 8 28 50 50
1546_0035_0019_0054_0054.jpg 1 35 19 54 54
1547_0009_0015_0056_0056.jpg 1 9 15 56 56
1548_0056_0053_0037_0037.jpg 1 56 53 37 37
1549_0040_0011_0050_0050.jpg 1 40 11 50 50
1550_0017_0022_0049_0049.jpg 1 17 22 49 49
1551_0022_0034_0059_0059.jpg 1 22 34 59 59
1552_0043_0011_0030_0030.jpg 1 43 11 30 30
1553_0033_0038_0040_0040.jpg 1 33 38 40 40
1554_0059_0025_0028_0028.jpg 1 59 25 28 28
1555_0022_0041_0049_0049.jpg 1 22 41 49 49
1556_0017_0028_0067_0067.jpg 1 17 28 67 67
1557_0045_0023_0025_0025.jpg 1 45 23 25 25
1558_0028_0011_0054_0054.jpg 1 28 11 54 54
1559_0026_0012_0051_0051.jpg 1 26 12 51 51
1560_0057_0031_0025_0025.jpg 1 57 31 25 25
1561_0028_0026_0029_0029.jpg 1 28 26 29 29
1562_0012_0048_0029_0029.jpg 1 12 48 29 29
1563_0049_0006_0036_0036.jpg 1 49 6 36 36
1564_0032_0004_0054_0054.jpg 1 32 4 54 54
1565_0027_0039_0055_0055.jpg 1 27 39 55 55
1566_0008_0008_0027_0027.jpg 1 8 8 27 27
1567_0035_0043_0025_0025.jpg 1 35 43 25 25
1568_0008_0009_0040_0040.jpg 1 8 9 40 40
1569_0036_0030_0034_0034.jpg 1 36 30 34 34
1570_0036_0027_0032_0032.jpg 1 36 27 32 32
1571_0049_0023_0039_0039.jpg 1 49 23 39 39
1572_0030_0032_0044_0044.jpg 1 30 32 44 44
1573_0039_0039_0052_0052.jpg 1 39 39 52 52
1574_0052_0016_0037_0037.jpg 1 52 16 37 37
1575_0008_0003_0067_0067.jpg 1 8 3 67 67
1576_0008_0015_0039_0039.jpg 1 8 15 39 39
1577_0016_0007_0066_0066.jpg 1 16 7 66 66
1578_0053_0049_0037_0037.jpg 1 53 49 37 37
1579_0008_0064_0027_0027.jpg 1 8 64 27 27
1580_0039_0007_0045_0045.jpg 1 39 7 45 45
1581_0017_0005_0046_0046.jpg 1 17 5 46 46
1582_0048_0034_0039_0039.jpg 1 48 34 39 39
1583_0011_0029_0038_0038.jpg 1 11 29 38 38
1584_0019_0030_0059_0059.jpg 1 19 30 59 59
1585_0022_0028_0040_0040.jpg 1 22 28 40 40
1586_0012_0037_0044_0044.jpg 1 12 37 44 44
1587_0025_0046_0035_0035.jpg 1 25 46 35 35
1588_0016_0055_0033_0033.jpg 1 16 55 33 33
1589_0005_0012_0062_0062.jpg 1 5 12 62 62
1590_0029_0013_0037_0037.jpg 1 29 13 37 37
1591_0056_0020_0036_0036.jpg 1 56 20 36 36
1592_0051_0040_0025_0025.jpg 1 51 40 25 25
1593_0011_0017_0054_0054.jpg 1 11 17 54 54
1594_0009_0015_0058_0058.jpg 1 9 15 58 58
1595_0027_0032_0061_0061.jpg 1 27 32 61 61
1596_0015_0037_0056_0056.jpg 1 15 37 56 56
1597_0024_0008_0063_0063.jpg 1 24 8 63 63
1598_0037_0028_0024_0024.jpg 1 37 28 24 24
1599_0042_0020_0043_0043.jpg 1 42 20 43 43
1600_0024_0013_0042_0042.jpg 1 24 13 42 42
1601_0006_0029_0032_0032.jpg 1 6 29 32 32
1602_0037_0020_0051_0051.jpg 1 37 20 51 51
1603_0028_0013_0033_0033.jpg 1 28 13 33 33
1604_0021_0023_0067_0067.jpg 1 21 23 67 67
1605_0014_0011_0067_0067.jpg 1 14 11 67 67
1606_0007_0027_0037_0037.jpg 1 7 27 37 37
1607_0045_0049_0026_0026.jpg 1 45 49 26 26
1608_0026_0018_0024_0024.jpg 1 26 18 24 24
1609_0015_0024_0050_0050.jpg 1 15 24 50 50
1610_0048_0043_0040_0040.jpg 1 48 43 40 40
1611_0031_0039_0055_0055.jpg 1 31 39 55 55
1612_0039_0032_0054_0054.jpg 1 39 32 54 54
1613_0013_0021_0056_0056.jpg 1 13 21 56 56
1614_0019_0018_0051_0051.jpg 1 19 18 51 51
1615_0018_0035_0041_0041.jpg 1 18 35 41 41
1616_0014_0029_0039_0039.jpg 1 14 29 39 39
1617_0023_0021_0067_0067.jpg 1 23 21 67 67
1618_0023_0011_0068_0068.jpg 1 23 11 68 68
1619_0044_0063_0027_0027.jpg 1 44 63 27 27
1620_0025_0018_0061_0061.jpg 1 25 18 61 61
1621_0035_0008_0042_0042.jpg 1 35 8 42 42
1622_0035_0018_0043_0043.jpg 1 35 18 43 43
1623_0036_0038_0028_0028.jpg 1 36 38 28 28
1624_0016_0054_0033_0033.jpg 1 16 54 33 33
1625_0025_0009_0056_0056.jpg 1 25 9 56 56
1626_0008_0011_0068_0068.jpg 1 8 11 68 68
1627_0008_0024_0064_0064.jpg 1 8 24 64 64
1628_0004_0017_0068_0068.jpg 1 4 17 68 68
1629_0022_0015_0046_0046.jpg 1 22 15 46 46
1630_0051_0049_0043_0043.jpg 1 51 49 43 43
1631_0015_0010_0062_0062.jpg 1 15 10 62 62
1632_0042_0019_0044_0044.jpg 1 42 19 44 44
1633_0043_0050_0035_0035.jpg 1 43 50 35 35
1634_0032_0019_0063_0063.jpg 1 32 19 63 63
1635_0035_0019_0054_0054.jpg 1 35 19 54 54
1636_0033_0019_0035_0035.jpg 1 33 19 35 35
1637_0044_0034_0040_0040.jpg 1 44 34 40 40
1638_0027_0015_0068_0068.jpg 1 27 15 68 68
1639_0013_0025_0063_0063.jpg 1 13 25 63 63
1640_0033_0025_0051_0051.jpg 1 33 25 51 51
1641_0021_0030_0034_0034.jpg 1 21 30 34 34
1642_0048_0028_0027_0027.jpg 1 48 28 27 27
1643_0049_0029_0041_0041.jpg 1 49 29 41 41
1644_0010_0028_0064_0064.jpg 1 10 28 64 64
1645_0033_0018_0052_0052.jpg 1 33 18 52 52
1646_0045_0052_0032_0032.jpg 1 45 52 32 32
1647_0021_0025_0044_0044.jpg 1 21 25 44 44
1648_0040_0023_0042_0042.jpg 1 40 23 42 42
1649_0029_0048_0041_0041.jpg 1 29 48 41 41
1650_0025_0010_0069_0069.jpg 1 25 10 69 69
1651_0039_0020_0035_0035.jpg 1 39 20 35 35
1652_0038_0018_0051_0051.jpg 1 38 18 51 51
1653_0019_0029_0037_0037.jpg 1 19 29 37 37
1654_0044_0035_0041_0041.jpg 1 44 35 41 41
1655_0034_0036_0050_0050.jpg 1 34 36 50 50
1656_0025_0021_0057_0057.jpg 1 25 21 57 57
1657_0038_0020_0037_0037.jpg 1 38 20 37 37
1658_0007_0040_0052_0052.jpg 1 7 40 52 52
1659_0026_0017_0068_0068.jpg 1 26 17 68 68
1660_0010_0041_0040_0040.jpg 1 10 41 40 40
1661_0027_0026_0040_0040.jpg 1 27 26 40 40
1662_0004_0028_0057_0057.jpg 1 4 28 57 57
1663_0033_0028_0060_0060.jpg 1 33 28 60 60
1664_0063_0055_0025_0025.jpg 1 63 55 25 25
1665_0050_0039_0030_0030.jpg 1 50 39 30 30
1666_0036_0038_0033_0033.jpg 1 36 38 33 33
1667_0046_0039_0025_0025.jpg 1 46 39 25 25
1668_0046_0062_0025_0025.jpg 1 46 62 25 25
1669_0050_0019_0043_0043.jpg 1 50 19 43 43
1670_0013_0031_0039_0039.jpg 1 13 31 39 39
1671_0056_0024_0025_0025.jpg 1 56 24 25 25
1672_0016_0007_0066_0066.jpg 1 16 7 66 66
1673_0012_0006_0053_0053.jpg 1 12 6 53 53
1674_0029_0026_0047_0047.jpg 1 29 26 47 47
1675_0013_0012_0068_0068.jpg 1 13 12 68 68
1676_0010_0004_0063_0063.jpg 1 10 4 63 63
1677_0011_0016_0069_0069.jpg 1 11 16 69 69
1678_0048_0014_0043_0043.jpg 1 48 14 43 43
1679_0025_0031_0024_0024.jpg 1 25 31 24 24
1680_0013_0028_0047_0047.jpg 1 13 28 47 47
1681_0056_0055_0024_0024.jpg 1 56 55 24 24
1682_0056_0065_0026_0026.jpg 1 56 65 26 26
1683_0022_0022_0047_0047.jpg 1 22 22 47 47
1684_0010_0033_0053_0053.jpg 1 10 33 53 53
1685_0023_0006_0066_0066.jpg 1 23 6 66 66
1686_0054_0045_0035_0035.jpg 1 54 45 35 35
1687_0014_0025_0064_0064.jpg 1 14 25 64 64
1688_0010_0017_0052_0052.jpg 1 10 17 52 52
1689_0033_0046_0048_0048.jpg 1 33 46 48 48
1690_0025_0020_0064_0064.jpg 1 25 20 64 64
1691_0026_0052_0041_0041.jpg 1 26 52 41 41
1692_0030_0006_0063_0063.jpg 1 30 6 63 63
1693_0022_0018_0069_0069.jpg 1 22 18 69 69
1694_0038_0050_0033_0033.jpg 1 38 50 33 33
1695_0039_0022_0055_0055.jpg 1 39 22 55 55
1696_0033_0013_0044_0044.jpg 1 33 13 44 44
1697_0023_0013_0029_0029.jpg 1 23 13 29 29
1698_0013_0032_0050_0050.jpg 1 13 32 50 50
1699_0016_0042_0044_0044.jpg 1 16 42 44 44
1700_0031_0012_0057_0057.jpg 1 31 12 57 57
1701_0027_0045_0046_0046.jpg 1 27 45 46 46
1702_0013_0027_0067_0067.jpg 1 13 27 67 67
1703_0036_0053_0038_0038.jpg 1 36 53 38 38
1704_0011_0008_0033_0033.jpg 1 11 8 33 33
1705_0061_0036_0030_0030.jpg 1 61 36 30 30
1706_0033_0048_0035_0035.jpg 1 33 48 35 35
1707_0020_0014_0030_0030.jpg 1 20 14 30 30
1708_0016_0018_0068_0068.jpg 1 16 18 68 68
1709_0033_0014_0025_0025.jpg 1 33 14 25 25
1710_0019_0025_0067_0067.jpg 1 19 25 67 67
1711_0026_0008_0065_0065.jpg 1 26 8 65 65
1712_0017_0027_0062_0062.jpg 1 17 27 62 62
1713_0044_0029_0044_0044.jpg 1 44 29 44 44
1714_0014_0011_0057_0057.jpg 1 14 11 57 57
1715_0019_0037_0045_0045.jpg 1 19 37 45 45
1716_0042_0043_0044_0044.jpg 1 42 43 44 44
1717_0011_0021_0029_0029.jpg 1 11 21 29 29
1718_0024_0008_0034_0034.jpg 1 24 8 34 34
1719_0011_0005_0062_0062.jpg 1 11 5 62 62
1720_0029_0007_0041_0041.jpg 1 29 7 41 41
1721_0012_0015_0040_0040.jpg 1 12 15 40 40
1722_0032_0018_0056_0056.jpg 1 32 18 56 56
1723_0019_0029_0048_0048.jpg 1 19 29 48 48
1724_0022_0035_0047_0047.jpg 1 22 35 47 47
1725_0051_0033_0043_0043.jpg 1 51 33 43 43
1726_0033_0030_0035_0035.jpg 1 33 30 35 35
1727_0053_0010_0032_0032.jpg 1 53 10 32 32
1728_0034_0050_0044_0044.jpg 1 34 50 44 44
1729_0020_0031_0047_0047.jpg 1 20 31 47 47
1730_0045_0052_0030_0030.jpg 1 45 52 30 30
1731_0025_0028_0062_0062.jpg 1 25 28 62 62
1732_0007_0032_0048_0048.jpg 1 7 32 48 48
1733_0030_0008_0028_0028.jpg 1 30 8 28 28
1734_0023_0029_0050_0050.jpg 1 23 29 50 50
1735_0029_0018_0060_0060.jpg 1 29 18 60 60
1736_0011_0038_0050_0050.jpg 1 11 38 50 50
1737_0061_0033_0030_0030.jpg 1 61 33 30 30
1738_0010_0010_0055_0055.jpg 1 10 10 55 55
1739_0029_0016_0063_0063.jpg 1 29 16 63 63
1740_0040_0016_0035_0035.jpg 1 40 16 35 35
1741_0057_0044_0029_0029.jpg 1 57 44 29 29
1742_0015_0035_0053_0053.jpg 1 15 35 53 53
1743_0038_0015_0054_0054.jpg 1 38 15 54 54
1744_0006_0009_0055_0055.jpg 1 6 9 55 55
1745_0010_0033_0058_0058.jpg 1 10 33 58 58
1746_0010_0011_0050_0050.jpg 1 10 11 50 50
1747_0028_0017_0063_0063.jpg 1 28 17 63 63
1748_0034_0034_0035_0035.jpg 1 34 34 35 35
1749_0041_0043_0047_0047.jpg 1 41 43 47 47
1750_0015_0013_0063_0063.jpg 1 15 13 63 63
1751_0050_0034_0029_0029.jpg 1 50 34 29 29
1752_0017_0029_0054_0054.jpg 1 17 29 54 54
1753_0054_0057_0027_0027.jpg 1 54 57 27 27
1754_0005_0015_0068_0068.jpg 1 5 15 68 68
1755_0027_0027_0054_0054.jpg 1 27 27 54 54
1756_0010_0023_0066_0066.jpg 1 10 23 66 66
1757_0038_0027_0033_0033.jpg 1 38 27 33 33
1758_0008_0013_0057_0057.jpg 1 8 13 57 57
1759_0023_0008_0055_0055.jpg 1 23 8 55 55
1760_0043_0007_0047_0047.jpg 1 43 7 47 47
1761_0024_0014_0064_0064.jpg 1 24 14 64 64
1762_0036_0029_0047_0047.jpg 1 36 29 47 47
1763_0030_0021_0061_0061.jpg 1 30 21 61 61
1764_0005_0024_0054_0054.jpg 1 5 24 54 54
1765_0050_0033_0039_0039.jpg 1 50 33 39 39
1766_0045_0026_0036_0036.jpg 1 45 26 36 36
1767_0065_0035_0024_0024.jpg 1 65 35 24 24
1768_0012_0046_0038_0038.jpg 1 12 46 38 38
1769_0033_0029_0048_0048.jpg 1 33 29 48 48
1770_0042_0033_0038_0038.jpg 1 42 33 38 38
1771_0033_0043_0035_0035.jpg 1 33 43 35 35
1772_0024_0034_0038_0038.jpg 1 24 34 38 38
1773_0024_0019_0030_0030.jpg 1 24 19 30 30
1774_0042_0036_0037_0037.jpg 1 42 36 37 37
1775_0046_0034_0037_0037.jpg 1 46 34 37 37
1776_0032_0046_0038_0038.jpg 1 32 46 38 38
1777_0054_0010_0026_0026.jpg 1 54 10 26 26
1778_0030_0027_0055_0055.jpg 1 30 27 55 55
1779_0039_0029_0052_0052.jpg 1 39 29 52 52
1780_0045_0053_0038_0038.jpg 1 45 53 38 38
1781_0020_0006_0043_0043.jpg 1 20 6 43 43
1782_0029_0039_0034_0034.jpg 1 29 39 34 34
1783_0041_0039_0053_0053.jpg 1 41 39 53 53
1784_0035_0034_0038_0038.jpg 1 35 34 38 38
1785_0024_0020_0044_0044.jpg 1 24 20 44 44
1786_0007_0023_0064_0064.jpg 1 7 23 64 64
1787_0054_0032_0025_0025.jpg 1 54 32 25 25
1788_0031_0039_0055_0055.jpg 1 31 39 55 55
1789_0045_0008_0030_0030.jpg 1 45 8 30 30
1790_0010_0039_0032_0032.jpg 1 10 39 32 32
1791_0008_0010_0056_0056.jpg 1 8 10 56 56
1792_0024_0010_0042_0042.jpg 1 24 10 42 42
1793_0008_0035_0037_0037.jpg 1 8 35 37 37
1794_0037_0033_0041_0041.jpg 1 37 33 41 41
1795_0052_0031_0032_0032.jpg 1 52 31 32 32
1796_0043_0051_0043_0043.jpg 1 43 51 43 43
1797_0033_0035_0030_0030.jpg 1 33 35 30 30
1798_0013_0025_0054_0054.jpg 1 13 25 54 54
1799_0028_0006_0042_0042.jpg 1 28 6 42 42
1800_0046_0010_0031_0031.jpg 1 46 10 31 31
1801_0043_0041_0045_0045.jpg 1 43 41 45 45
1802_0016_0050_0040_0040.jpg 1 16 50 40 40
1803_0024_0048_0036_0036.jpg 1 24 48 36 36
1804_0017_0040_0039_0039.jpg 1 17 40 39 39
1805_0049_0017_0039_0039.jpg 1 49 17 39 39
1806_0057_0010_0035_0035.jpg 1 57 10 35 35
1807_0041_0010_0033_0033.jpg 1 41 10 33 33
1808_0013_0006_0056_0056.jpg 1 13 6 56 56
1809_0047_0050_0043_0043.jpg 1 47 50 43 43
1810_0033_0064_0028_0028.jpg 1 33 64 28 28
1811_0025_0027_0057_0057.jpg 1 25 27 57 57
1812_0010_0027_0069_0069.jpg 1 10 27 69 69
1813_0012_0038_0041_0041.jpg 1 12 38 41 41
1814_0032_0018_0059_0059.jpg 1 32 18 59 59
1815_0014_0027_0069_0069.jpg 1 14 27 69 69
1816_0029_0013_0027_0027.jpg 1 29 13 27 27
1817_0027_0003_0067_0067.jpg 1 27 3 67 67
1818_0008_0009_0053_0053.jpg 1 8 9 53 53
1819_0053_0025_0036_0036.jpg 1 53 25 36 36
1820_0013_0015_0055_0055.jpg 1 13 15 55 55
1821_0013_0061_0026_0026.jpg 1 13 61 26 26
1822_0039_0018_0056_0056.jpg 1 39 18 56 56
1823_0022_0012_0053_0053.jpg 1 22 12 53 53
1824_0022_0043_0044_0044.jpg 1 22 43 44 44
1825_0011_0047_0034_0034.jpg 1 11 47 34 34
1826_0026_0032_0063_0063.jpg 1 26 32 63 63
1827_0021_0013_0053_0053.jpg 1 21 13 53 53
1828_0030_0036_0033_0033.jpg 1 30 36 33 33
1829_0019_0038_0037_0037.jpg 1 19 38 37 37
1830_0011_0022_0068_0068.jpg 1 11 22 68 68
1831_0029_0036_0057_0057.jpg 1 29 36 57 57
1832_0008_0030_0039_0039.jpg 1 8 30 39 39
1833_0025_0029_0053_0053.jpg 1 25 29 53 53
1834_0027_0011_0048_0048.jpg 1 27 11 48 48
1835_0035_0037_0054_0054.jpg 1 35 37 54 54
1836_0033_0022_0051_0051.jpg 1 33 22 51 51
1837_0008_0015_0048_0048.jpg 1 8 15 48 48
1838_0020_0037_0027_0027.jpg 1 20 37 27 27
1839_0008_0027_0027_0027.jpg 1 8 27 27 27
1840_0030_0027_0063_0063.jpg 1 30 27 63 63
1841_0015_0020_0057_0057.jpg 1 15 20 57 57
1842_0030_0044_0029_0029.jpg 1 30 44 29 29
1843_0022_0029_0032_0032.jpg 1 22 29 32 32
1844_0007_0020_0041_0041.jpg 1 7 20 41 41
1845_0040_0037_0037_0037.jpg 1 40 37 37 37
1846_0011_0054_0039_0039.jpg 1 11 54 39 39
1847_0036_0043_0037_0037.jpg 1 36 43 37 37
1848_0010_0016_0066_0066.jpg 1 10 16 66 66
1849_0010_0033_0060_0060.jpg 1 10 33 60 60
1850_0021_0017_0040_0040.jpg 1 21 17 40 40
1851_0006_0018_0036_0036.jpg 1 6 18 36 36
1852_0034_0024_0054_0054.jpg 1 34 24 54 54
1853_0020_0035_0056_0056.jpg 1 20 35 56 56
1854_0061_0024_0028_0028.jpg 1 61 24 28 28
1855_0013_0026_0064_0064.jpg 1 13 26 64 64
1856_0034_0035_0048_0048.jpg 1 34 35 48 48
1857_0022_0024_0056_0056.jpg 1 22 24 56 56
1858_0027_0030_0065_0065.jpg 1 27 30 65 65
1859_0015_0028_0034_0034.jpg 1 15 28 34 34
1860_0039_0038_0045_0045.jpg 1 39 38 45 45
1861_0020_0044_0044_0044.jpg 1 20 44 44 44
1862_0046_0036_0034_0034.jpg 1 46 36 34 34
1863_0014_0033_0060_0060.jpg 1 14 33 60 60
1864_0035_0024_0037_0037.jpg 1 35 24 37 37
1865_0024_0030_0057_0057.jpg 1 24 30 57 57
1866_0038_0014_0053_0053.jpg 1 38 14 53 53
1867_0032_0047_0034_0034.jpg 1 32 47 34 34
1868_0017_0014_0051_0051.jpg 1 17 14 51 51
1869_0005_0034_0060_0060.jpg 1 5 34 60 60
1870_0005_0015_0053_0053.jpg 1 5 15 53 53
1871_0006_0048_0040_0040.jpg 1 6 48 40 40
1872_0011_0017_0069_0069.jpg 1 11 17 69 69
1873_0046_0019_0042_0042.jpg 1 46 19 42 42
1874_0028_0018_0066_0066.jpg 1 28 18 66 66
1875_0038_0022_0044_0044.jpg 1 38 22 44 44
1876_0040_0033_0050_0050.jpg 1 40 33 50 50
1877_0024_0021_0054_0054.jpg 1 24 21 54 54
1878_0043_0041_0040_0040.jpg 1 43 41 40 40
1879_0007_0018_0066_0066.jpg 1 7 18 66 66
1880_0018_0016_0029_0029.jpg 1 18 16 29 29
1881_0046_0023_0041_0041.jpg 1 46 23 41 41
1882_0026_0022_0040_0040.jpg 1 26 22 40 40
1883_0014_0007_0033_0033.jpg 1 14 7 33 33
1884_0045_0033_0032_0032.jpg 1 45 33 32 32
1885_0013_0006_0058_0058.jpg 1 13 6 58 58
1886_0035_0013_0034_0034.jpg 1 35 13 34 34
1887_0059_0064_0028_0028.jpg 1 59 64 28 28
1888_0024_0033_0043_0043.jpg 1 24 33 43 43
1889_0018_0024_0062_0062.jpg 1 18 24 62 62
1890_0007_0032_0024_0024.jpg 1 7 32 24 24
1891_0039_0020_0048_0048.jpg 1 39 20 48 48
1892_0031_0039_0054_0054.jpg 1 31 39 54 54
1893_0036_0019_0046_0046.jpg 1 36 19 46 46
1894_0064_0012_0024_0024.jpg 1 64 12 24 24
1895_0012_0043_0036_0036.jpg 1 12 43 36 36
1896_0018_0045_0049_0049.jpg 1 18 45 49 49
1897_0008_0046_0034_0034.jpg 1 8 46 34 34
1898_0013_0026_0065_0065.jpg 1 13 26 65 65
1899_0033_0012_0058_0058.jpg 1 33 12 58 58
1900_0040_0042_0040_0040.jpg 1 40 42 40 40
1901_0009_0053_0036_0036.jpg 1 9 53 36 36
1902_0009_0024_0068_0068.jpg 1 9 24 68 68
1903_0006_0016_0064_0064.jpg 1 6 16 64 64
1904_0030_0012_0061_0061.jpg 1 30 12 61 61
1905_0025_0016_0026_0026.jpg 1 25 16 26 26
1906_0019_0008_0057_0057.jpg 1 19 8 57 57
1907_0029_0024_0060_0060.jpg 1 29 24 60 60
1908_0023_0048_0029_0029.jpg 1 23 48 29 29
1909_0023_0014_0053_0053.jpg 1 23 14 53 53
1910_0015_0008_0068_0068.jpg 1 15 8 68 68
1911_0006_0022_0062_0062.jpg 1 6 22 62 62
1912_0033_0005_0051_0051.jpg 1 33 5 51 51
1913_0029_0023_0066_0066.jpg 1 29 23 66 66
1914_0019_0008_0037_0037.jpg 1 19 8 37 37
1915_0034_0006_0048_0048.jpg 1 34 6 48 48
1916_0024_0020_0032_0032.jpg 1 24 20 32 32
1917_0004_0022_0068_0068.jpg 1 4 22 68 68
1918_0048_0039_0043_0043.jpg 1 48 39 43 43
1919_0031_0011_0044_0044.jpg 1 31 11 44 44
1920_0034_0016_0046_0046.jpg 1 34 16 46 46
1921_0062_0032_0026_0026.jpg 1 62 32 26 26
1922_0043_0050_0032_0032.jpg 1 43 50 32 32
1923_0047_0033_0027_0027.jpg 1 47 33 27 27
1924_0020_0008_0050_0050.jpg 1 20 8 50 50
1925_0027_0057_0033_0033.jpg 1 27 57 33 33
1926_0032_0006_0050_0050.jpg 1 32 6 50 50
1927_0031_0018_0025_0025.jpg 1 31 18 25 25
1928_0016_0024_0066_0066.jpg 1 16 24 66 66
1929_0028_0010_0043_0043.jpg 1 28 10 43 43
1930_0020_0038_0054_0054.jpg 1 20 38 54 54
1931_0004_0004_0067_0067.jpg 1 4 4 67 67
1932_0005_0034_0044_0044.jpg 1 5 34 44 44
1933_0014_0017_0052_0052.jpg 1 14 17 52 52
1934_0037_0009_0057_0057.jpg 1 37 9 57 57
1935_0034_0024_0054_0054.jpg 1 34 24 54 54
1936_0036_0047_0042_0042.jpg 1 36 47 42 42
1937_0034_0046_0028_0028.jpg 1 34 46 28 28
1938_0029_0020_0058_0058.jpg 1 29 20 58 58
1939_0009_0023_0050_0050.jpg 1 9 23 50 50
1940_0043_0029_0034_0034.jpg 1 43 29 34 34
1941_0013_0019_0052_0052.jpg 1 13 19 52 52
1942_0006_0014_0061_0061.jpg 1 6 14 61 61
1943_0009_0017_0044_0044.jpg 1 9 17 44 44
1944_0011_0032_0038_0038.jpg 1 11 32 38 38
1945_0028_0026_0058_0058.jpg 1 28 26 58 58
1946_0012_0004_0067_0067.jpg 1 12 4 67 67
1947_0007_0038_0045_0045.jpg 1 7 38 45 45
1948_0014_0034_0044_0044.jpg 1 14 34 44 44
1949_0024_0022_0065_0065.jpg 1 24 22 65 65
1950_0052_0061_0026_0026.jpg 1 52 61 26 26
